CREATETIME::1544203582
	im: put_inode 1
	im: get_inode 1
	im: put_inode 1
extent_server: get 1
	im: get_inode 1
extent_server: getattr 1
	im: get_inode 1
extent_server: getattr 1
	im: get_inode 1
extent_server: getattr 1
	im: get_inode 1
extent_server: get 1
	im: get_inode 1
extent_server: get 1
	im: get_inode 1
extent_server: create inode
CREATETIME::1544203588
	im: put_inode 2
	im: get_inode 1
	im: put_inode 1
extent_server: getattr 2
	im: get_inode 2
extent_server: getattr 2
	im: get_inode 2
extent_server: get 1
	im: get_inode 1
	im: get_inode 2
	im: put_inode 2
extent_server: getattr 1
	im: get_inode 1
extent_server: getattr 1
	im: get_inode 1
extent_server: getattr 1
	im: get_inode 1
extent_server: get 1
	im: get_inode 1
extent_server: getattr 2
	im: get_inode 2
extent_server: getattr 2
	im: get_inode 2
extent_server: get 1
	im: get_inode 1
extent_server: getattr 1
	im: get_inode 1
extent_server: getattr 1
	im: get_inode 1
extent_server: getattr 1
	im: get_inode 1
extent_server: get 1
	im: get_inode 1
extent_server: get 1
	im: get_inode 1
extent_server: get 1
	im: get_inode 1
extent_server: create inode
CREATETIME::1544203594
	im: put_inode 3
	im: get_inode 1
	im: put_inode 1
extent_server: getattr 3
	im: get_inode 3
extent_server: getattr 3
	im: get_inode 3
extent_server: get 1
	im: get_inode 1
extent_server: getattr 3
	im: get_inode 3
extent_server: getattr 3
	im: get_inode 3
extent_server: get 1
	im: get_inode 1
extent_server: getattr 3
	im: get_inode 3
	im: get_inode 3
	im: put_inode 3
extent_server: get 1
	im: get_inode 1
	im: get_inode 3
	im: put_inode 3
extent_server: get 1
	im: get_inode 1
extent_server: get 1
	im: get_inode 1
	im: get_inode 1
	im: put_inode 1
extent_server: get 1
	im: get_inode 1
extent_server: getattr 3
	im: get_inode 3
extent_server: getattr 3
	im: get_inode 3
extent_server: get 1
	im: get_inode 1
extent_server: getattr 3
	im: get_inode 3
extent_server: getattr 3
	im: get_inode 3
	im: get_inode 3
extent_server: getattr 3
	im: get_inode 3
extent_server: get 1
	im: get_inode 1
extent_server: getattr 1
	im: get_inode 1
extent_server: getattr 1
	im: get_inode 1
extent_server: getattr 1
	im: get_inode 1
extent_server: get 1
	im: get_inode 1
extent_server: get 1
	im: get_inode 1
extent_server: create inode
CREATETIME::1544203599
	im: put_inode 4
	im: get_inode 1
	im: put_inode 1
extent_server: get 1
	im: get_inode 1
extent_server: getattr 3
	im: get_inode 3
extent_server: getattr 3
	im: get_inode 3
extent_server: get 1
	im: get_inode 1
extent_server: getattr 3
	im: get_inode 3
extent_server: getattr 3
	im: get_inode 3
extent_server: get 1
	im: get_inode 1
extent_server: getattr 3
	im: get_inode 3
extent_server: write 3
	im: get_inode 3
	im: get_inode 3
	im:free inode 3
extent_server: get 1
	im: get_inode 1
	im: get_inode 1
	im: put_inode 1
extent_server: get 1
	im: get_inode 1
extent_server: getattr 2
	im: get_inode 2
extent_server: getattr 2
	im: get_inode 2
extent_server: get 1
	im: get_inode 1
extent_server: get 1
	im: get_inode 1
extent_server: getattr 4
	im: get_inode 4
extent_server: getattr 4
	im: get_inode 4
extent_server: getattr 4
	im: get_inode 4
extent_server: get 1
	im: get_inode 1
extent_server: getattr 2
	im: get_inode 2
extent_server: getattr 2
	im: get_inode 2
extent_server: get 1
	im: get_inode 1
extent_server: getattr 2
	im: get_inode 2
extent_server: getattr 2
	im: get_inode 2
extent_server: write 2
	im: get_inode 2
	im: get_inode 2
	im:free inode 2
extent_server: get 1
	im: get_inode 1
	im: get_inode 1
	im: put_inode 1
extent_server: get 1
	im: get_inode 1
extent_server: getattr 4
	im: get_inode 4
extent_server: getattr 4
	im: get_inode 4
extent_server: getattr 4
	im: get_inode 4
extent_server: get 1
	im: get_inode 1
extent_server: getattr 4
	im: get_inode 4
extent_server: get 4
	im: get_inode 4
extent_server: getattr 4
	im: get_inode 4
extent_server: get 4
	im: get_inode 4
extent_server: write 4
	im: get_inode 4
	im: get_inode 4
	im:free inode 4
extent_server: get 1
	im: get_inode 1
	im: get_inode 1
	im: put_inode 1
extent_server: get 1
	im: get_inode 1
extent_server: get 1
	im: get_inode 1
extent_server: get 1
	im: get_inode 1
extent_server: create inode
CREATETIME::1544203605
	im: put_inode 2
	im: get_inode 1
	im: put_inode 1
extent_server: getattr 2
	im: get_inode 2
extent_server: getattr 2
	im: get_inode 2
extent_server: getattr 2
	im: get_inode 2
extent_server: get 2
	im: get_inode 2
	im: get_inode 2
	im: put_inode 2
extent_server: get 1
	im: get_inode 1
extent_server: get 1
	im: get_inode 1
extent_server: get 1
	im: get_inode 1
extent_server: create inode
CREATETIME::1544203605
	im: put_inode 3
	im: get_inode 1
	im: put_inode 1
extent_server: getattr 3
	im: get_inode 3
extent_server: getattr 3
	im: get_inode 3
extent_server: getattr 3
	im: get_inode 3
extent_server: get 3
	im: get_inode 3
	im: get_inode 3
	im: put_inode 3
extent_server: get 1
	im: get_inode 1
extent_server: get 1
	im: get_inode 1
extent_server: get 1
	im: get_inode 1
extent_server: create inode
CREATETIME::1544203605
	im: put_inode 4
	im: get_inode 1
	im: put_inode 1
extent_server: getattr 4
	im: get_inode 4
extent_server: getattr 4
	im: get_inode 4
extent_server: getattr 4
	im: get_inode 4
extent_server: getattr 4
	im: get_inode 4
extent_server: getattr 1
	im: get_inode 1
extent_server: getattr 1
	im: get_inode 1
extent_server: getattr 1
	im: get_inode 1
extent_server: get 1
	im: get_inode 1
extent_server: getattr 2
	im: get_inode 2
extent_server: getattr 2
	im: get_inode 2
extent_server: getattr 3
	im: get_inode 3
extent_server: getattr 3
	im: get_inode 3
extent_server: getattr 4
	im: get_inode 4
extent_server: getattr 4
	im: get_inode 4
extent_server: getattr 4
	im: get_inode 4
extent_server: get 1
	im: get_inode 1
extent_server: getattr 2
	im: get_inode 2
extent_server: getattr 2
	im: get_inode 2
extent_server: get 1
	im: get_inode 1
extent_server: getattr 2
	im: get_inode 2
extent_server: getattr 2
	im: get_inode 2
	im: get_inode 2
extent_server: getattr 2
	im: get_inode 2
extent_server: get 1
	im: get_inode 1
extent_server: getattr 3
	im: get_inode 3
extent_server: getattr 3
	im: get_inode 3
extent_server: get 1
	im: get_inode 1
extent_server: getattr 3
	im: get_inode 3
extent_server: getattr 3
	im: get_inode 3
	im: get_inode 3
extent_server: getattr 3
	im: get_inode 3
extent_server: getattr 1
	im: get_inode 1
extent_server: getattr 1
	im: get_inode 1
extent_server: getattr 1
	im: get_inode 1
extent_server: getattr 1
	im: get_inode 1
extent_server: getattr 1
	im: get_inode 1
extent_server: get 1
	im: get_inode 1
extent_server: getattr 1
	im: get_inode 1
extent_server: get 1
	im: get_inode 1
extent_server: get 1
	im: get_inode 1
extent_server: getattr 2
	im: get_inode 2
extent_server: getattr 2
	im: get_inode 2
extent_server: getattr 2
	im: get_inode 2
extent_server: getattr 2
	im: get_inode 2
extent_server: getattr 2
	im: get_inode 2
extent_server: getattr 2
	im: get_inode 2
extent_server: get 1
	im: get_inode 1
extent_server: getattr 2
	im: get_inode 2
extent_server: getattr 2
	im: get_inode 2
extent_server: getattr 2
	im: get_inode 2
extent_server: get 1
	im: get_inode 1
extent_server: write 2
	im: get_inode 2
	im: get_inode 2
	im:free inode 2
extent_server: get 1
	im: get_inode 1
	im: get_inode 1
	im: put_inode 1
extent_server: get 1
	im: get_inode 1
extent_server: getattr 3
	im: get_inode 3
extent_server: getattr 3
	im: get_inode 3
extent_server: getattr 3
	im: get_inode 3
extent_server: getattr 3
	im: get_inode 3
extent_server: getattr 3
	im: get_inode 3
extent_server: getattr 3
	im: get_inode 3
extent_server: get 1
	im: get_inode 1
extent_server: getattr 3
	im: get_inode 3
extent_server: getattr 3
	im: get_inode 3
extent_server: getattr 3
	im: get_inode 3
extent_server: get 1
	im: get_inode 1
extent_server: write 3
	im: get_inode 3
	im: get_inode 3
	im:free inode 3
extent_server: get 1
	im: get_inode 1
	im: get_inode 1
	im: put_inode 1
extent_server: get 1
	im: get_inode 1
extent_server: getattr 4
	im: get_inode 4
extent_server: getattr 4
	im: get_inode 4
extent_server: getattr 4
	im: get_inode 4
extent_server: getattr 4
	im: get_inode 4
extent_server: getattr 4
	im: get_inode 4
extent_server: getattr 4
	im: get_inode 4
extent_server: getattr 4
	im: get_inode 4
extent_server: getattr 4
	im: get_inode 4
extent_server: get 1
	im: get_inode 1
extent_server: getattr 4
	im: get_inode 4
extent_server: getattr 4
	im: get_inode 4
extent_server: getattr 4
	im: get_inode 4
extent_server: getattr 4
	im: get_inode 4
extent_server: getattr 4
	im: get_inode 4
extent_server: getattr 4
	im: get_inode 4
extent_server: getattr 4
	im: get_inode 4
extent_server: getattr 4
	im: get_inode 4
extent_server: getattr 4
	im: get_inode 4
extent_server: get 4
	im: get_inode 4
extent_server: get 1
	im: get_inode 1
extent_server: getattr 4
	im: get_inode 4
extent_server: getattr 4
	im: get_inode 4
extent_server: getattr 4
	im: get_inode 4
extent_server: getattr 4
	im: get_inode 4
extent_server: get 1
	im: get_inode 1
extent_server: getattr 1
	im: get_inode 1
extent_server: getattr 1
	im: get_inode 1
extent_server: getattr 1
	im: get_inode 1
extent_server: get 1
	im: get_inode 1
extent_server: get 1
	im: get_inode 1
extent_server: get 1
	im: get_inode 1
extent_server: create inode
CREATETIME::1544203616
	im: put_inode 2
	im: get_inode 1
	im: put_inode 1
extent_server: getattr 2
	im: get_inode 2
extent_server: getattr 2
	im: get_inode 2
extent_server: get 1
	im: get_inode 1
extent_server: getattr 2
	im: get_inode 2
extent_server: getattr 2
	im: get_inode 2
extent_server: get 1
	im: get_inode 1
extent_server: getattr 2
	im: get_inode 2
	im: get_inode 2
	im: put_inode 2
extent_server: get 1
	im: get_inode 1
	im: get_inode 2
	im: put_inode 2
extent_server: get 1
	im: get_inode 1
extent_server: get 1
	im: get_inode 1
	im: get_inode 1
	im: put_inode 1
extent_server: get 1
	im: get_inode 1
extent_server: getattr 1
	im: get_inode 1
extent_server: getattr 1
	im: get_inode 1
extent_server: getattr 1
	im: get_inode 1
extent_server: get 1
	im: get_inode 1
extent_server: get 1
	im: get_inode 1
extent_server: get 1
	im: get_inode 1
extent_server: create inode
CREATETIME::1544203618
	im: put_inode 3
	im: get_inode 1
	im: put_inode 1
extent_server: getattr 3
	im: get_inode 3
extent_server: getattr 3
	im: get_inode 3
extent_server: get 1
	im: get_inode 1
extent_server: getattr 3
	im: get_inode 3
extent_server: getattr 3
	im: get_inode 3
extent_server: get 1
	im: get_inode 1
extent_server: getattr 3
	im: get_inode 3
	im: get_inode 3
	im: put_inode 3
extent_server: get 1
	im: get_inode 1
	im: get_inode 3
	im: put_inode 3
extent_server: get 1
	im: get_inode 1
extent_server: get 1
	im: get_inode 1
	im: get_inode 1
	im: put_inode 1
extent_server: get 1
	im: get_inode 1
extent_server: getattr 1
	im: get_inode 1
extent_server: getattr 1
	im: get_inode 1
extent_server: getattr 1
	im: get_inode 1
extent_server: get 1
	im: get_inode 1
extent_server: get 1
	im: get_inode 1
extent_server: create inode
CREATETIME::1544203621
	im: put_inode 5
	im: get_inode 1
	im: put_inode 1
extent_server: getattr 1
	im: get_inode 1
extent_server: getattr 1
	im: get_inode 1
extent_server: getattr 1
	im: get_inode 1
extent_server: getattr 1
	im: get_inode 1
extent_server: getattr 1
	im: get_inode 1
extent_server: getattr 1
	im: get_inode 1
extent_server: getattr 1
	im: get_inode 1
extent_server: getattr 1
	im: get_inode 1
extent_server: getattr 1
	im: get_inode 1
extent_server: get 1
	im: get_inode 1
extent_server: get 1
	im: get_inode 1
extent_server: getattr 4
	im: get_inode 4
extent_server: getattr 4
	im: get_inode 4
extent_server: getattr 4
	im: get_inode 4
extent_server: getattr 4
	im: get_inode 4
extent_server: getattr 4
	im: get_inode 4
extent_server: getattr 4
	im: get_inode 4
extent_server: getattr 4
	im: get_inode 4
extent_server: getattr 4
	im: get_inode 4
extent_server: get 1
	im: get_inode 1
extent_server: getattr 2
	im: get_inode 2
extent_server: getattr 2
	im: get_inode 2
extent_server: getattr 2
	im: get_inode 2
extent_server: getattr 2
	im: get_inode 2
extent_server: getattr 2
	im: get_inode 2
extent_server: getattr 2
	im: get_inode 2
extent_server: get 1
	im: get_inode 1
extent_server: getattr 3
	im: get_inode 3
extent_server: getattr 3
	im: get_inode 3
extent_server: getattr 3
	im: get_inode 3
extent_server: getattr 3
	im: get_inode 3
extent_server: getattr 3
	im: get_inode 3
extent_server: getattr 3
	im: get_inode 3
extent_server: get 1
	im: get_inode 1
extent_server: getattr 5
	im: get_inode 5
extent_server: getattr 5
	im: get_inode 5
extent_server: getattr 5
	im: get_inode 5
extent_server: getattr 5
	im: get_inode 5
extent_server: getattr 5
	im: get_inode 5
extent_server: getattr 5
	im: get_inode 5
extent_server: getattr 5
	im: get_inode 5
extent_server: getattr 5
	im: get_inode 5
extent_server: getattr 1
	im: get_inode 1
extent_server: get 1
	im: get_inode 1
extent_server: get 1
	im: get_inode 1
extent_server: getattr 2
	im: get_inode 2
extent_server: getattr 2
	im: get_inode 2
extent_server: getattr 2
	im: get_inode 2
extent_server: getattr 2
	im: get_inode 2
extent_server: getattr 2
	im: get_inode 2
extent_server: getattr 2
	im: get_inode 2
extent_server: getattr 2
	im: get_inode 2
extent_server: getattr 2
	im: get_inode 2
extent_server: getattr 2
	im: get_inode 2
extent_server: get 2
	im: get_inode 2
extent_server: getattr 2
	im: get_inode 2
extent_server: getattr 2
	im: get_inode 2
extent_server: getattr 2
	im: get_inode 2
extent_server: get 1
	im: get_inode 1
extent_server: getattr 3
	im: get_inode 3
extent_server: getattr 3
	im: get_inode 3
extent_server: getattr 3
	im: get_inode 3
extent_server: getattr 3
	im: get_inode 3
extent_server: getattr 3
	im: get_inode 3
extent_server: getattr 3
	im: get_inode 3
extent_server: getattr 3
	im: get_inode 3
extent_server: getattr 3
	im: get_inode 3
extent_server: getattr 3
	im: get_inode 3
extent_server: get 3
	im: get_inode 3
extent_server: getattr 3
	im: get_inode 3
extent_server: getattr 3
	im: get_inode 3
extent_server: getattr 3
	im: get_inode 3
extent_server: get 1
	im: get_inode 1
extent_server: getattr 2
	im: get_inode 2
extent_server: getattr 2
	im: get_inode 2
extent_server: get 1
	im: get_inode 1
extent_server: getattr 3
	im: get_inode 3
extent_server: getattr 3
	im: get_inode 3
extent_server: get 1
	im: get_inode 1
extent_server: getattr 5
	im: get_inode 5
extent_server: getattr 5
	im: get_inode 5
extent_server: getattr 5
	im: get_inode 5
extent_server: get 1
	im: get_inode 1
extent_server: getattr 2
	im: get_inode 2
extent_server: getattr 2
	im: get_inode 2
extent_server: get 1
	im: get_inode 1
extent_server: getattr 2
	im: get_inode 2
extent_server: getattr 2
	im: get_inode 2
extent_server: write 2
	im: get_inode 2
	im: get_inode 2
	im:free inode 2
extent_server: get 1
	im: get_inode 1
	im: get_inode 1
	im: put_inode 1
extent_server: get 1
	im: get_inode 1
extent_server: getattr 3
	im: get_inode 3
extent_server: getattr 3
	im: get_inode 3
extent_server: get 1
	im: get_inode 1
extent_server: getattr 3
	im: get_inode 3
extent_server: getattr 3
	im: get_inode 3
extent_server: write 3
	im: get_inode 3
	im: get_inode 3
	im:free inode 3
extent_server: get 1
	im: get_inode 1
	im: get_inode 1
	im: put_inode 1
extent_server: get 1
	im: get_inode 1
extent_server: getattr 5
	im: get_inode 5
extent_server: getattr 5
	im: get_inode 5
extent_server: getattr 5
	im: get_inode 5
extent_server: get 1
	im: get_inode 1
extent_server: getattr 5
	im: get_inode 5
extent_server: get 5
	im: get_inode 5
extent_server: getattr 5
	im: get_inode 5
extent_server: get 5
	im: get_inode 5
extent_server: write 5
	im: get_inode 5
	im: get_inode 5
	im:free inode 5
extent_server: get 1
	im: get_inode 1
	im: get_inode 1
	im: put_inode 1
