ReadHeader:25 Read header failed: Success
HandleRpc:57 read rpc request failed
HandleRpc:57 read rpc request failed
HandleRpc:57 read rpc request failed
HandleRpc:57 read rpc request failed
RecursiveLookup:176 Lookup random in 1 failed
RecursiveLookup:176 Lookup random._COPYING_ in 1 failed
HandleRpc:57 read rpc request failed
locatedblocklist:
1544203710418:	[ACQUIRE]: lid=>1 id=>name:1053
1544203710418:	lock not cached
1544203710418:	acquire from server: lid=>1 tid=>139646516303616 id=>name:1053
1544203710418:	[RELEASE]: lid=>1 id=>name:1053
1544203710418:	[RELEASE TO CLIENT]: lid=>1 id=>name:1053
1544203710418:	[ACQUIRE]: lid=>2 id=>name:1053
1544203710418:	lock not cached
1544203710418:	acquire from server: lid=>2 tid=>139646516303616 id=>name:1053
1544203711371:	[RELEASE]: lid=>2 id=>name:1053
1544203711371:	[RELEASE TO CLIENT]: lid=>2 id=>name:1053
thname::random._COPYING_
ino::2
isfile: 2 is a file
1544203715222:	[ACQUIRE]: lid=>2 id=>name:1053
1544203715222:	lock cached
getfile 0000000000000002
getfile 0000000000000002 -> sz 53248
1544203715222:	[RELEASE]: lid=>2 id=>name:1053
1544203715222:	[RELEASE TO CLIENT]: lid=>2 id=>name:1053
bid:1037
bid:1038
bid:1039
bid:1040
bid:1041
bid:1042
bid:1043
bid:1044
bid:1045
bid:1046
bid:1047
bid:1048
bid:1049
bid:1050
bid:1051
bid:1052
bid:1053
bid:1054
bid:1055
bid:1056
bid:1057
bid:1058
bid:1059
bid:1060
bid:1061
bid:1062
bid:1063
bid:1064
bid:1065
bid:1066
bid:1067
bid:1068
bid:1069
bid:1070
bid:1071
bid:1072
bid:1073
bid:1074
bid:1075
bid:1076
bid:1077
bid:1078
bid:1079
bid:1080
bid:1081
bid:1082
bid:1083
bid:1084
bid:1085
bid:1086
bid:1087
bid:1088
bid:1089
bid:1090
bid:1091
bid:1092
bid:1093
bid:1094
bid:1095
bid:1096
bid:1097
bid:1098
bid:1099
bid:1100
bid:1101
bid:1102
bid:1103
bid:1104
bid:1105
bid:1106
bid:1107
bid:1108
bid:1109
bid:1110
bid:1111
bid:1112
bid:1113
bid:1114
bid:1115
bid:1116
bid:1117
bid:1118
bid:1119
bid:1120
bid:1121
bid:1122
bid:1123
bid:1124
bid:1125
bid:1126
bid:1127
bid:1128
bid:1129
bid:1130
bid:1131
bid:1132
bid:1133
bid:1134
bid:1135
bid:1136
bid:1137
bid:1139
bid:1140
bid:1141
HandleRpc:57 read rpc request failed
locatedblocklist:
isfile: 2 is a file
1544203719505:	[ACQUIRE]: lid=>2 id=>name:1053
1544203719505:	lock cached
getfile 0000000000000002
getfile 0000000000000002 -> sz 53248
1544203719505:	[RELEASE]: lid=>2 id=>name:1053
1544203719505:	[RELEASE TO CLIENT]: lid=>2 id=>name:1053
bid:1037
bid:1038
bid:1039
bid:1040
bid:1041
bid:1042
bid:1043
bid:1044
bid:1045
bid:1046
bid:1047
bid:1048
bid:1049
bid:1050
bid:1051
bid:1052
bid:1053
bid:1054
bid:1055
bid:1056
bid:1057
bid:1058
bid:1059
bid:1060
bid:1061
bid:1062
bid:1063
bid:1064
bid:1065
bid:1066
bid:1067
bid:1068
bid:1069
bid:1070
bid:1071
bid:1072
bid:1073
bid:1074
bid:1075
bid:1076
bid:1077
bid:1078
bid:1079
bid:1080
bid:1081
bid:1082
bid:1083
bid:1084
bid:1085
bid:1086
bid:1087
bid:1088
bid:1089
bid:1090
bid:1091
bid:1092
bid:1093
bid:1094
bid:1095
bid:1096
bid:1097
bid:1098
bid:1099
bid:1100
bid:1101
bid:1102
bid:1103
bid:1104
bid:1105
bid:1106
bid:1107
bid:1108
bid:1109
bid:1110
bid:1111
bid:1112
bid:1113
bid:1114
bid:1115
bid:1116
bid:1117
bid:1118
bid:1119
bid:1120
bid:1121
bid:1122
bid:1123
bid:1124
bid:1125
bid:1126
bid:1127
bid:1128
bid:1129
bid:1130
bid:1131
bid:1132
bid:1133
bid:1134
bid:1135
bid:1136
bid:1137
bid:1139
bid:1140
bid:1141
HandleRpc:57 read rpc request failed
locatedblocklist:
isfile: 2 is a file
1544203723970:	[ACQUIRE]: lid=>2 id=>name:1053
1544203723970:	lock cached
getfile 0000000000000002
getfile 0000000000000002 -> sz 53248
1544203723970:	[RELEASE]: lid=>2 id=>name:1053
1544203723970:	[RELEASE TO CLIENT]: lid=>2 id=>name:1053
bid:1037
bid:1038
bid:1039
bid:1040
bid:1041
bid:1042
bid:1043
bid:1044
bid:1045
bid:1046
bid:1047
bid:1048
bid:1049
bid:1050
bid:1051
bid:1052
bid:1053
bid:1054
bid:1055
bid:1056
bid:1057
bid:1058
bid:1059
bid:1060
bid:1061
bid:1062
bid:1063
bid:1064
bid:1065
bid:1066
bid:1067
bid:1068
bid:1069
bid:1070
bid:1071
bid:1072
bid:1073
bid:1074
bid:1075
bid:1076
bid:1077
bid:1078
bid:1079
bid:1080
bid:1081
bid:1082
bid:1083
bid:1084
bid:1085
bid:1086
bid:1087
bid:1088
bid:1089
bid:1090
bid:1091
bid:1092
bid:1093
bid:1094
bid:1095
bid:1096
bid:1097
bid:1098
bid:1099
bid:1100
bid:1101
bid:1102
bid:1103
bid:1104
bid:1105
bid:1106
bid:1107
bid:1108
bid:1109
bid:1110
bid:1111
bid:1112
bid:1113
bid:1114
bid:1115
bid:1116
bid:1117
bid:1118
bid:1119
bid:1120
bid:1121
bid:1122
bid:1123
bid:1124
bid:1125
bid:1126
bid:1127
bid:1128
bid:1129
bid:1130
bid:1131
bid:1132
bid:1133
bid:1134
bid:1135
bid:1136
bid:1137
bid:1139
bid:1140
bid:1141
HandleRpc:57 read rpc request failed
locatedblocklist:
isfile: 2 is a file
1544203728334:	[ACQUIRE]: lid=>2 id=>name:1053
1544203728334:	lock cached
getfile 0000000000000002
getfile 0000000000000002 -> sz 53248
1544203728335:	[RELEASE]: lid=>2 id=>name:1053
1544203728335:	[RELEASE TO CLIENT]: lid=>2 id=>name:1053
bid:1037
bid:1038
bid:1039
bid:1040
bid:1041
bid:1042
bid:1043
bid:1044
bid:1045
bid:1046
bid:1047
bid:1048
bid:1049
bid:1050
bid:1051
bid:1052
bid:1053
bid:1054
bid:1055
bid:1056
bid:1057
bid:1058
bid:1059
bid:1060
bid:1061
bid:1062
bid:1063
bid:1064
bid:1065
bid:1066
bid:1067
bid:1068
bid:1069
bid:1070
bid:1071
bid:1072
bid:1073
bid:1074
bid:1075
bid:1076
bid:1077
bid:1078
bid:1079
bid:1080
bid:1081
bid:1082
bid:1083
bid:1084
bid:1085
bid:1086
bid:1087
bid:1088
bid:1089
bid:1090
bid:1091
bid:1092
bid:1093
bid:1094
bid:1095
bid:1096
bid:1097
bid:1098
bid:1099
bid:1100
bid:1101
bid:1102
bid:1103
bid:1104
bid:1105
bid:1106
bid:1107
bid:1108
bid:1109
bid:1110
bid:1111
bid:1112
bid:1113
bid:1114
bid:1115
bid:1116
bid:1117
bid:1118
bid:1119
bid:1120
bid:1121
bid:1122
bid:1123
bid:1124
bid:1125
bid:1126
bid:1127
bid:1128
bid:1129
bid:1130
bid:1131
bid:1132
bid:1133
bid:1134
bid:1135
bid:1136
bid:1137
bid:1139
bid:1140
bid:1141
HandleRpc:57 read rpc request failed
HandleRpc:57 read rpc request failed
HandleRpc:57 read rpc request failed
HandleRpc:57 read rpc request failed
HandleRpc:57 read rpc request failed
HandleRpc:57 read rpc request failed
HandleRpc:57 read rpc request failed
HandleRpc:57 read rpc request failed
HandleRpc:57 read rpc request failed
RecursiveLookup:176 Lookup random in 1 failed
RecursiveLookup:176 Lookup random._COPYING_ in 1 failed
HandleRpc:57 read rpc request failed
locatedblocklist:
1544203731139:	[ACQUIRE]: lid=>1 id=>name:1053
1544203731139:	lock cached
1544203731139:	[ACQUIRE]: lid=>2 id=>name:1053
1544203731139:	lock cached
thname::random
ino::2
1544203731139:	[RELEASE]: lid=>2 id=>name:1053
1544203731139:	[RELEASE TO CLIENT]: lid=>2 id=>name:1053
1544203731139:	[RELEASE]: lid=>1 id=>name:1053
1544203731139:	[RELEASE TO CLIENT]: lid=>1 id=>name:1053
1544203752183:	[ACQUIRE]: lid=>1 id=>name:1053
1544203752183:	lock cached
1544203752184:	[RELEASE]: lid=>1 id=>name:1053
1544203752184:	[RELEASE TO CLIENT]: lid=>1 id=>name:1053
1544203752184:	[ACQUIRE]: lid=>2 id=>name:1053
1544203752184:	lock cached
1544203752964:	[RELEASE]: lid=>2 id=>name:1053
1544203752964:	[RELEASE TO CLIENT]: lid=>2 id=>name:1053
thname::random._COPYING_
ino::2
isfile: 2 is a file
1544203756507:	[ACQUIRE]: lid=>2 id=>name:1053
1544203756507:	lock cached
getfile 0000000000000002
getfile 0000000000000002 -> sz 53248
1544203756507:	[RELEASE]: lid=>2 id=>name:1053
1544203756507:	[RELEASE TO CLIENT]: lid=>2 id=>name:1053
bid:1037
bid:1038
bid:1039
bid:1040
bid:1041
bid:1042
bid:1043
bid:1044
bid:1045
bid:1046
bid:1047
bid:1048
bid:1049
bid:1050
bid:1051
bid:1052
bid:1053
bid:1054
bid:1055
bid:1056
bid:1057
bid:1058
bid:1059
bid:1060
bid:1061
bid:1062
bid:1063
bid:1064
bid:1065
bid:1066
bid:1067
bid:1068
bid:1069
bid:1070
bid:1071
bid:1072
bid:1073
bid:1074
bid:1075
bid:1076
bid:1077
bid:1078
bid:1079
bid:1080
bid:1081
bid:1082
bid:1083
bid:1084
bid:1085
bid:1086
bid:1087
bid:1088
bid:1089
bid:1090
bid:1091
bid:1092
bid:1093
bid:1094
bid:1095
bid:1096
bid:1097
bid:1098
bid:1099
bid:1100
bid:1101
bid:1102
bid:1103
bid:1104
bid:1105
bid:1106
bid:1107
bid:1108
bid:1109
bid:1110
bid:1111
bid:1112
bid:1113
bid:1114
bid:1115
bid:1116
bid:1117
bid:1118
bid:1119
bid:1120
bid:1121
bid:1122
bid:1123
bid:1124
bid:1125
bid:1126
bid:1127
bid:1128
bid:1129
bid:1130
bid:1131
bid:1132
bid:1133
bid:1134
bid:1135
bid:1136
bid:1137
bid:1140
bid:1141
bid:1142
HandleRpc:57 read rpc request failed
HandleRpc:57 read rpc request failed
locatedblocklist:
isfile: 2 is a file
1544203764807:	[ACQUIRE]: lid=>2 id=>name:1053
1544203764807:	lock cached
getfile 0000000000000002
getfile 0000000000000002 -> sz 53248
1544203764807:	[RELEASE]: lid=>2 id=>name:1053
1544203764807:	[RELEASE TO CLIENT]: lid=>2 id=>name:1053
bid:1037
bid:1038
bid:1039
bid:1040
bid:1041
bid:1042
bid:1043
bid:1044
bid:1045
bid:1046
bid:1047
bid:1048
bid:1049
bid:1050
bid:1051
bid:1052
bid:1053
bid:1054
bid:1055
bid:1056
bid:1057
bid:1058
bid:1059
bid:1060
bid:1061
bid:1062
bid:1063
bid:1064
bid:1065
bid:1066
bid:1067
bid:1068
bid:1069
bid:1070
bid:1071
bid:1072
bid:1073
bid:1074
bid:1075
bid:1076
bid:1077
bid:1078
bid:1079
bid:1080
bid:1081
bid:1082
bid:1083
bid:1084
bid:1085
bid:1086
bid:1087
bid:1088
bid:1089
bid:1090
bid:1091
bid:1092
bid:1093
bid:1094
bid:1095
bid:1096
bid:1097
bid:1098
bid:1099
bid:1100
bid:1101
bid:1102
bid:1103
bid:1104
bid:1105
bid:1106
bid:1107
bid:1108
bid:1109
bid:1110
bid:1111
bid:1112
bid:1113
bid:1114
bid:1115
bid:1116
bid:1117
bid:1118
bid:1119
bid:1120
bid:1121
bid:1122
bid:1123
bid:1124
bid:1125
bid:1126
bid:1127
bid:1128
bid:1129
bid:1130
bid:1131
bid:1132
bid:1133
bid:1134
bid:1135
bid:1136
bid:1137
bid:1140
bid:1141
bid:1142
HandleRpc:57 read rpc request failed
HandleRpc:57 read rpc request failed
