LOCKBGN(ACQ):1
LOCKEND(ACQ):1
LOCKBGN(RLS):1
LOCKEND(RLS):1
LOCKBGN(ACQ):1
LOCKEND(ACQ):1
LOCKBGN(RLS):1
LOCKEND(RLS):1
LOCKBGN(ACQ):1
LOCKEND(ACQ):1
LOCKBGN(RLS):1
LOCKEND(RLS):1
LOCKBGN(ACQ):1
LOCKEND(ACQ):1
LOCKBGN(RLS):1
LOCKEND(RLS):1
LOCKBGN(ACQ):1
LOCKEND(ACQ):1
LOCKBGN(RLS):1
LOCKEND(RLS):1
LOCKBGN(ACQ):1
LOCKEND(ACQ):1
LOCKBGN(RLS):1
LOCKEND(RLS):1
LOCKBGN(ACQ):1
LOCKEND(ACQ):1
LOCKBGN(RLS):1
LOCKEND(RLS):1
LOCKBGN(ACQ):1
LOCKEND(ACQ):1
LOCKBGN(RLS):1
LOCKEND(RLS):1
LOCKBGN(ACQ):1
LOCKEND(ACQ):1
LOCKBGN(RLS):1
LOCKEND(RLS):1
LOCKBGN(ACQ):1
LOCKEND(ACQ):1
LOCKBGN(RLS):1
LOCKEND(RLS):1
LOCKBGN(ACQ):1
LOCKEND(ACQ):1
LOCKBGN(RLS):1
LOCKEND(RLS):1
LOCKBGN(ACQ):1
LOCKEND(ACQ):1
LOCKBGN(RLS):1
LOCKEND(RLS):1
LOCKBGN(ACQ):1
LOCKEND(ACQ):1
LOCKBGN(RLS):1
LOCKEND(RLS):1
LOCKBGN(ACQ):1
LOCKEND(ACQ):1
LOCKBGN(RLS):1
LOCKEND(RLS):1
LOCKBGN(ACQ):1
LOCKEND(ACQ):1
LOCKBGN(RLS):1
LOCKEND(RLS):1
LOCKBGN(ACQ):1
LOCKEND(ACQ):1
LOCKBGN(RLS):1
LOCKEND(RLS):1
LOCKBGN(ACQ):1
LOCKEND(ACQ):1
LOCKBGN(RLS):1
LOCKEND(RLS):1
LOCKBGN(ACQ):1
LOCKEND(ACQ):1
LOCKBGN(RLS):1
LOCKEND(RLS):1
LOCKBGN(ACQ):1
LOCKEND(ACQ):1
LOCKBGN(RLS):1
LOCKEND(RLS):1
LOCKBGN(ACQ):1
LOCKEND(ACQ):1
LOCKBGN(RLS):1
LOCKEND(RLS):1
LOCKBGN(ACQ):1
LOCKEND(ACQ):1
LOCKBGN(RLS):1
LOCKEND(RLS):1
LOCKBGN(ACQ):1
LOCKEND(ACQ):1
LOCKBGN(RLS):1
LOCKEND(RLS):1
LOCKBGN(ACQ):1
LOCKEND(ACQ):1
LOCKBGN(RLS):1
LOCKEND(RLS):1
LOCKBGN(ACQ):1
LOCKEND(ACQ):1
LOCKBGN(RLS):1
LOCKEND(RLS):1
LOCKBGN(ACQ):1
LOCKEND(ACQ):1
LOCKBGN(RLS):1
LOCKEND(RLS):1
LOCKBGN(ACQ):1
LOCKEND(ACQ):1
LOCKBGN(RLS):1
LOCKEND(RLS):1
LOCKBGN(ACQ):1
LOCKEND(ACQ):1
LOCKBGN(RLS):1
LOCKEND(RLS):1
LOCKBGN(ACQ):1
LOCKEND(ACQ):1
LOCKBGN(RLS):1
LOCKEND(RLS):1
LOCKBGN(ACQ):1
LOCKEND(ACQ):1
LOCKBGN(RLS):1
LOCKEND(RLS):1
LOCKBGN(ACQ):1
LOCKEND(ACQ):1
LOCKBGN(RLS):1
LOCKEND(RLS):1
LOCKBGN(ACQ):1
LOCKEND(ACQ):1
LOCKBGN(RLS):1
LOCKEND(RLS):1
LOCKBGN(ACQ):1
LOCKEND(ACQ):1
LOCKBGN(RLS):1
LOCKEND(RLS):1
LOCKBGN(ACQ):1
LOCKEND(ACQ):1
LOCKBGN(RLS):1
LOCKEND(RLS):1
LOCKBGN(ACQ):1
LOCKEND(ACQ):1
LOCKBGN(RLS):1
LOCKEND(RLS):1
LOCKBGN(ACQ):1
LOCKEND(ACQ):1
LOCKBGN(RLS):1
LOCKEND(RLS):1
LOCKBGN(ACQ):1
LOCKEND(ACQ):1
LOCKBGN(RLS):1
LOCKEND(RLS):1
LOCKBGN(ACQ):1
LOCKEND(ACQ):1
LOCKBGN(RLS):1
LOCKEND(RLS):1
LOCKBGN(ACQ):1
LOCKEND(ACQ):1
LOCKBGN(RLS):1
LOCKEND(RLS):1
LOCKBGN(ACQ):1
LOCKEND(ACQ):1
LOCKBGN(RLS):1
LOCKEND(RLS):1
LOCKBGN(ACQ):1
LOCKEND(ACQ):1
LOCKBGN(RLS):1
LOCKEND(RLS):1
LOCKBGN(ACQ):1
LOCKEND(ACQ):1
LOCKBGN(RLS):1
LOCKEND(RLS):1
LOCKBGN(ACQ):1
LOCKEND(ACQ):1
LOCKBGN(RLS):1
LOCKEND(RLS):1
LOCKBGN(ACQ):1
LOCKEND(ACQ):1
LOCKBGN(RLS):1
LOCKEND(RLS):1
LOCKBGN(ACQ):1
LOCKEND(ACQ):1
LOCKBGN(RLS):1
LOCKEND(RLS):1
LOCKBGN(ACQ):1
LOCKEND(ACQ):1
LOCKBGN(RLS):1
LOCKEND(RLS):1
LOCKBGN(ACQ):1
LOCKEND(ACQ):1
LOCKBGN(RLS):1
LOCKEND(RLS):1
LOCKBGN(ACQ):1
LOCKEND(ACQ):1
LOCKBGN(RLS):1
LOCKEND(RLS):1
LOCKBGN(ACQ):1
LOCKEND(ACQ):1
LOCKBGN(RLS):1
LOCKEND(RLS):1
LOCKBGN(ACQ):1
LOCKEND(ACQ):1
LOCKBGN(RLS):1
LOCKEND(RLS):1
LOCKBGN(ACQ):1
LOCKEND(ACQ):1
LOCKBGN(RLS):1
LOCKEND(RLS):1
LOCKBGN(ACQ):1
LOCKEND(ACQ):1
LOCKBGN(RLS):1
LOCKEND(RLS):1
LOCKBGN(ACQ):1
LOCKEND(ACQ):1
LOCKBGN(RLS):1
LOCKEND(RLS):1
LOCKBGN(ACQ):1
LOCKEND(ACQ):1
LOCKBGN(RLS):1
LOCKEND(RLS):1
LOCKBGN(ACQ):1
LOCKEND(ACQ):1
LOCKBGN(RLS):1
LOCKEND(RLS):1
LOCKBGN(ACQ):1
LOCKEND(ACQ):1
LOCKBGN(RLS):1
LOCKEND(RLS):1
LOCKBGN(ACQ):1
LOCKEND(ACQ):1
LOCKBGN(RLS):1
LOCKEND(RLS):1
LOCKBGN(ACQ):1
LOCKEND(ACQ):1
LOCKBGN(RLS):1
LOCKEND(RLS):1
LOCKBGN(ACQ):1
LOCKEND(ACQ):1
LOCKBGN(RLS):1
LOCKEND(RLS):1
LOCKBGN(ACQ):1
LOCKEND(ACQ):1
LOCKBGN(RLS):1
LOCKEND(RLS):1
LOCKBGN(ACQ):1
LOCKEND(ACQ):1
LOCKBGN(RLS):1
LOCKEND(RLS):1
LOCKBGN(ACQ):1
LOCKEND(ACQ):1
LOCKBGN(RLS):1
LOCKEND(RLS):1
LOCKBGN(ACQ):1
LOCKEND(ACQ):1
LOCKBGN(RLS):1
LOCKEND(RLS):1
LOCKBGN(ACQ):1
LOCKEND(ACQ):1
LOCKBGN(RLS):1
LOCKEND(RLS):1
LOCKBGN(ACQ):1
LOCKEND(ACQ):1
LOCKBGN(RLS):1
LOCKEND(RLS):1
LOCKBGN(ACQ):1
LOCKEND(ACQ):1
LOCKBGN(RLS):1
LOCKEND(RLS):1
LOCKBGN(ACQ):1
LOCKEND(ACQ):1
LOCKBGN(RLS):1
LOCKEND(RLS):1
LOCKBGN(ACQ):1
LOCKEND(ACQ):1
LOCKBGN(RLS):1
LOCKEND(RLS):1
LOCKBGN(ACQ):1
LOCKEND(ACQ):1
LOCKBGN(RLS):1
LOCKEND(RLS):1
LOCKBGN(ACQ):1
LOCKEND(ACQ):1
LOCKBGN(RLS):1
LOCKEND(RLS):1
LOCKBGN(ACQ):1
LOCKEND(ACQ):1
LOCKBGN(RLS):1
LOCKEND(RLS):1
LOCKBGN(ACQ):1
LOCKEND(ACQ):1
LOCKBGN(RLS):1
LOCKEND(RLS):1
LOCKBGN(ACQ):1
LOCKEND(ACQ):1
LOCKBGN(RLS):1
LOCKEND(RLS):1
LOCKBGN(ACQ):1
LOCKEND(ACQ):1
LOCKBGN(RLS):1
LOCKEND(RLS):1
LOCKBGN(ACQ):1
LOCKEND(ACQ):1
LOCKBGN(RLS):1
LOCKEND(RLS):1
LOCKBGN(ACQ):1
LOCKEND(ACQ):1
LOCKBGN(RLS):1
LOCKEND(RLS):1
LOCKBGN(ACQ):1
LOCKEND(ACQ):1
LOCKBGN(RLS):1
LOCKEND(RLS):1
LOCKBGN(ACQ):1
LOCKEND(ACQ):1
LOCKBGN(RLS):1
LOCKEND(RLS):1
LOCKBGN(ACQ):1
LOCKEND(ACQ):1
LOCKBGN(RLS):1
LOCKEND(RLS):1
LOCKBGN(ACQ):1
LOCKEND(ACQ):1
LOCKBGN(RLS):1
LOCKEND(RLS):1
LOCKBGN(ACQ):1
LOCKEND(ACQ):1
LOCKBGN(RLS):1
LOCKEND(RLS):1
LOCKBGN(ACQ):1
LOCKEND(ACQ):1
LOCKBGN(RLS):1
LOCKEND(RLS):1
LOCKBGN(ACQ):1
LOCKEND(ACQ):1
LOCKBGN(RLS):1
LOCKEND(RLS):1
LOCKBGN(ACQ):1
LOCKEND(ACQ):1
LOCKBGN(RLS):1
LOCKEND(RLS):1
LOCKBGN(ACQ):1
LOCKEND(ACQ):1
LOCKBGN(RLS):1
LOCKEND(RLS):1
LOCKBGN(ACQ):1
LOCKEND(ACQ):1
LOCKBGN(RLS):1
LOCKEND(RLS):1
LOCKBGN(ACQ):1
LOCKEND(ACQ):1
LOCKBGN(RLS):1
LOCKEND(RLS):1
LOCKBGN(ACQ):1
LOCKEND(ACQ):1
LOCKBGN(RLS):1
LOCKEND(RLS):1
LOCKBGN(ACQ):1
LOCKEND(ACQ):1
LOCKBGN(RLS):1
LOCKEND(RLS):1
LOCKBGN(ACQ):1
LOCKEND(ACQ):1
LOCKBGN(RLS):1
LOCKEND(RLS):1
LOCKBGN(ACQ):1
LOCKEND(ACQ):1
LOCKBGN(RLS):1
LOCKEND(RLS):1
LOCKBGN(ACQ):1
LOCKEND(ACQ):1
LOCKBGN(RLS):1
LOCKEND(RLS):1
LOCKBGN(ACQ):1
LOCKEND(ACQ):1
LOCKBGN(RLS):1
LOCKEND(RLS):1
LOCKBGN(ACQ):1
LOCKEND(ACQ):1
LOCKBGN(RLS):1
LOCKEND(RLS):1
LOCKBGN(ACQ):1
LOCKEND(ACQ):1
LOCKBGN(RLS):1
LOCKEND(RLS):1
LOCKBGN(ACQ):1
LOCKEND(ACQ):1
LOCKBGN(RLS):1
LOCKEND(RLS):1
LOCKBGN(ACQ):1
LOCKEND(ACQ):1
LOCKBGN(RLS):1
LOCKEND(RLS):1
LOCKBGN(ACQ):1
LOCKEND(ACQ):1
LOCKBGN(RLS):1
LOCKEND(RLS):1
LOCKBGN(ACQ):1
LOCKEND(ACQ):1
LOCKBGN(RLS):1
LOCKEND(RLS):1
LOCKBGN(ACQ):1
LOCKEND(ACQ):1
LOCKBGN(RLS):1
LOCKEND(RLS):1
LOCKBGN(ACQ):1
LOCKEND(ACQ):1
LOCKBGN(RLS):1
LOCKEND(RLS):1
LOCKBGN(ACQ):1
LOCKEND(ACQ):1
LOCKBGN(RLS):1
LOCKEND(RLS):1
LOCKBGN(ACQ):1
LOCKEND(ACQ):1
LOCKBGN(RLS):1
LOCKEND(RLS):1
LOCKBGN(ACQ):1
LOCKEND(ACQ):1
LOCKBGN(RLS):1
LOCKEND(RLS):1
LOCKBGN(ACQ):1
LOCKEND(ACQ):1
LOCKBGN(RLS):1
LOCKEND(RLS):1
LOCKBGN(ACQ):1
LOCKEND(ACQ):1
LOCKBGN(RLS):1
LOCKEND(RLS):1
LOCKBGN(ACQ):1
LOCKEND(ACQ):1
LOCKBGN(RLS):1
LOCKEND(RLS):1
LOCKBGN(ACQ):1
LOCKEND(ACQ):1
LOCKBGN(RLS):1
LOCKEND(RLS):1
LOCKBGN(ACQ):1
LOCKEND(ACQ):1
LOCKBGN(RLS):1
LOCKEND(RLS):1
LOCKBGN(ACQ):1
LOCKEND(ACQ):1
LOCKBGN(RLS):1
LOCKEND(RLS):1
LOCKBGN(ACQ):1
LOCKEND(ACQ):1
LOCKBGN(RLS):1
LOCKEND(RLS):1
LOCKBGN(ACQ):1
LOCKEND(ACQ):1
LOCKBGN(RLS):1
LOCKEND(RLS):1
LOCKBGN(ACQ):1
LOCKEND(ACQ):1
LOCKBGN(RLS):1
LOCKEND(RLS):1
LOCKBGN(ACQ):1
LOCKEND(ACQ):1
LOCKBGN(RLS):1
LOCKEND(RLS):1
LOCKBGN(ACQ):1
LOCKEND(ACQ):1
LOCKBGN(RLS):1
LOCKEND(RLS):1
LOCKBGN(ACQ):1
LOCKEND(ACQ):1
LOCKBGN(RLS):1
LOCKEND(RLS):1
LOCKBGN(ACQ):1
LOCKEND(ACQ):1
LOCKBGN(RLS):1
LOCKEND(RLS):1
LOCKBGN(ACQ):1
LOCKEND(ACQ):1
LOCKBGN(RLS):1
LOCKEND(RLS):1
LOCKBGN(ACQ):1
LOCKEND(ACQ):1
LOCKBGN(RLS):1
LOCKEND(RLS):1
LOCKBGN(ACQ):1
LOCKEND(ACQ):1
LOCKBGN(RLS):1
LOCKEND(RLS):1
LOCKBGN(ACQ):1
LOCKEND(ACQ):1
LOCKBGN(RLS):1
LOCKEND(RLS):1
LOCKBGN(ACQ):1
LOCKEND(ACQ):1
LOCKBGN(RLS):1
LOCKEND(RLS):1
LOCKBGN(ACQ):1
LOCKEND(ACQ):1
LOCKBGN(RLS):1
LOCKEND(RLS):1
LOCKBGN(ACQ):1
LOCKEND(ACQ):1
LOCKBGN(RLS):1
LOCKEND(RLS):1
LOCKBGN(ACQ):1
LOCKEND(ACQ):1
LOCKBGN(RLS):1
LOCKEND(RLS):1
LOCKBGN(ACQ):1
LOCKEND(ACQ):1
LOCKBGN(RLS):1
LOCKEND(RLS):1
LOCKBGN(ACQ):1
LOCKEND(ACQ):1
LOCKBGN(RLS):1
LOCKEND(RLS):1
LOCKBGN(ACQ):1
LOCKEND(ACQ):1
LOCKBGN(RLS):1
LOCKEND(RLS):1
LOCKBGN(ACQ):1
LOCKEND(ACQ):1
LOCKBGN(RLS):1
LOCKEND(RLS):1
LOCKBGN(ACQ):1
LOCKEND(ACQ):1
LOCKBGN(RLS):1
LOCKEND(RLS):1
LOCKBGN(ACQ):1
LOCKEND(ACQ):1
LOCKBGN(RLS):1
LOCKEND(RLS):1
LOCKBGN(ACQ):1
LOCKEND(ACQ):1
LOCKBGN(RLS):1
LOCKEND(RLS):1
LOCKBGN(ACQ):1
LOCKEND(ACQ):1
LOCKBGN(RLS):1
LOCKEND(RLS):1
LOCKBGN(ACQ):1
LOCKEND(ACQ):1
LOCKBGN(RLS):1
LOCKEND(RLS):1
LOCKBGN(ACQ):1
LOCKEND(ACQ):1
LOCKBGN(RLS):1
LOCKEND(RLS):1
LOCKBGN(ACQ):1
LOCKEND(ACQ):1
LOCKBGN(RLS):1
LOCKEND(RLS):1
LOCKBGN(ACQ):1
LOCKEND(ACQ):1
LOCKBGN(RLS):1
LOCKEND(RLS):1
LOCKBGN(ACQ):1
LOCKEND(ACQ):1
LOCKBGN(RLS):1
LOCKEND(RLS):1
LOCKBGN(ACQ):1
LOCKEND(ACQ):1
LOCKBGN(RLS):1
LOCKEND(RLS):1
LOCKBGN(ACQ):1
LOCKEND(ACQ):1
LOCKBGN(RLS):1
LOCKEND(RLS):1
LOCKBGN(ACQ):1
LOCKEND(ACQ):1
LOCKBGN(RLS):1
LOCKEND(RLS):1
LOCKBGN(ACQ):1
LOCKEND(ACQ):1
LOCKBGN(RLS):1
LOCKEND(RLS):1
LOCKBGN(ACQ):1
LOCKEND(ACQ):1
LOCKBGN(RLS):1
LOCKEND(RLS):1
LOCKBGN(ACQ):1
LOCKEND(ACQ):1
LOCKBGN(RLS):1
LOCKEND(RLS):1
LOCKBGN(ACQ):1
LOCKEND(ACQ):1
LOCKBGN(RLS):1
LOCKEND(RLS):1
LOCKBGN(ACQ):1
LOCKEND(ACQ):1
LOCKBGN(RLS):1
LOCKEND(RLS):1
LOCKBGN(ACQ):1
LOCKEND(ACQ):1
LOCKBGN(RLS):1
LOCKEND(RLS):1
LOCKBGN(ACQ):1
LOCKEND(ACQ):1
LOCKBGN(RLS):1
LOCKEND(RLS):1
LOCKBGN(ACQ):1
LOCKEND(ACQ):1
LOCKBGN(RLS):1
LOCKEND(RLS):1
LOCKBGN(ACQ):1
LOCKEND(ACQ):1
LOCKBGN(RLS):1
LOCKEND(RLS):1
LOCKBGN(ACQ):1
LOCKEND(ACQ):1
LOCKBGN(RLS):1
LOCKEND(RLS):1
LOCKBGN(ACQ):1
LOCKEND(ACQ):1
LOCKBGN(RLS):1
LOCKEND(RLS):1
LOCKBGN(ACQ):1
LOCKEND(ACQ):1
LOCKBGN(RLS):1
LOCKEND(RLS):1
LOCKBGN(ACQ):1
LOCKEND(ACQ):1
LOCKBGN(RLS):1
LOCKEND(RLS):1
LOCKBGN(ACQ):1
LOCKEND(ACQ):1
LOCKBGN(RLS):1
LOCKEND(RLS):1
LOCKBGN(ACQ):1
LOCKEND(ACQ):1
LOCKBGN(RLS):1
LOCKEND(RLS):1
LOCKBGN(ACQ):1
LOCKEND(ACQ):1
LOCKBGN(RLS):1
LOCKEND(RLS):1
LOCKBGN(ACQ):1
LOCKEND(ACQ):1
LOCKBGN(RLS):1
LOCKEND(RLS):1
LOCKBGN(ACQ):1
LOCKEND(ACQ):1
LOCKBGN(RLS):1
LOCKEND(RLS):1
LOCKBGN(ACQ):1
LOCKEND(ACQ):1
LOCKBGN(RLS):1
LOCKEND(RLS):1
LOCKBGN(ACQ):1
LOCKEND(ACQ):1
LOCKBGN(RLS):1
LOCKEND(RLS):1
LOCKBGN(ACQ):1
LOCKEND(ACQ):1
LOCKBGN(RLS):1
LOCKEND(RLS):1
LOCKBGN(ACQ):1
LOCKEND(ACQ):1
LOCKBGN(RLS):1
LOCKEND(RLS):1
LOCKBGN(ACQ):1
LOCKEND(ACQ):1
LOCKBGN(RLS):1
LOCKEND(RLS):1
LOCKBGN(ACQ):1
LOCKEND(ACQ):1
LOCKBGN(RLS):1
LOCKEND(RLS):1
LOCKBGN(ACQ):1
LOCKEND(ACQ):1
LOCKBGN(RLS):1
LOCKEND(RLS):1
LOCKBGN(ACQ):1
LOCKEND(ACQ):1
LOCKBGN(RLS):1
LOCKEND(RLS):1
LOCKBGN(ACQ):1
LOCKEND(ACQ):1
LOCKBGN(RLS):1
LOCKEND(RLS):1
LOCKBGN(ACQ):1
LOCKEND(ACQ):1
LOCKBGN(RLS):1
LOCKEND(RLS):1
LOCKBGN(ACQ):1
LOCKEND(ACQ):1
LOCKBGN(RLS):1
LOCKEND(RLS):1
LOCKBGN(ACQ):1
LOCKEND(ACQ):1
LOCKBGN(RLS):1
LOCKEND(RLS):1
LOCKBGN(ACQ):1
LOCKEND(ACQ):1
LOCKBGN(RLS):1
LOCKEND(RLS):1
LOCKBGN(ACQ):1
LOCKEND(ACQ):1
LOCKBGN(RLS):1
LOCKEND(RLS):1
LOCKBGN(ACQ):1
LOCKEND(ACQ):1
LOCKBGN(RLS):1
LOCKEND(RLS):1
LOCKBGN(ACQ):1
LOCKEND(ACQ):1
LOCKBGN(RLS):1
LOCKEND(RLS):1
LOCKBGN(ACQ):1
LOCKEND(ACQ):1
LOCKBGN(RLS):1
LOCKEND(RLS):1
LOCKBGN(ACQ):1
LOCKEND(ACQ):1
LOCKBGN(RLS):1
LOCKEND(RLS):1
LOCKBGN(ACQ):1
LOCKEND(ACQ):1
LOCKBGN(RLS):1
LOCKEND(RLS):1
LOCKBGN(ACQ):1
LOCKEND(ACQ):1
LOCKBGN(RLS):1
LOCKEND(RLS):1
LOCKBGN(ACQ):1
LOCKEND(ACQ):1
LOCKBGN(RLS):1
LOCKEND(RLS):1
LOCKBGN(ACQ):1
LOCKEND(ACQ):1
LOCKBGN(RLS):1
LOCKEND(RLS):1
LOCKBGN(ACQ):1
LOCKEND(ACQ):1
LOCKBGN(RLS):1
LOCKEND(RLS):1
LOCKBGN(ACQ):1
LOCKEND(ACQ):1
LOCKBGN(RLS):1
LOCKEND(RLS):1
LOCKBGN(ACQ):1
LOCKEND(ACQ):1
LOCKBGN(RLS):1
LOCKEND(RLS):1
LOCKBGN(ACQ):1
LOCKEND(ACQ):1
LOCKBGN(RLS):1
LOCKEND(RLS):1
LOCKBGN(ACQ):1
LOCKEND(ACQ):1
LOCKBGN(RLS):1
LOCKEND(RLS):1
LOCKBGN(ACQ):1
LOCKEND(ACQ):1
LOCKBGN(RLS):1
LOCKEND(RLS):1
LOCKBGN(ACQ):1
LOCKEND(ACQ):1
LOCKBGN(RLS):1
LOCKEND(RLS):1
LOCKBGN(ACQ):1
LOCKEND(ACQ):1
LOCKBGN(RLS):1
LOCKEND(RLS):1
LOCKBGN(ACQ):1
LOCKEND(ACQ):1
LOCKBGN(RLS):1
LOCKEND(RLS):1
LOCKBGN(ACQ):1
LOCKEND(ACQ):1
LOCKBGN(RLS):1
LOCKEND(RLS):1
LOCKBGN(ACQ):1
LOCKEND(ACQ):1
LOCKBGN(RLS):1
LOCKEND(RLS):1
LOCKBGN(ACQ):1
LOCKEND(ACQ):1
LOCKBGN(RLS):1
LOCKEND(RLS):1
LOCKBGN(ACQ):1
LOCKEND(ACQ):1
LOCKBGN(RLS):1
LOCKEND(RLS):1
LOCKBGN(ACQ):1
LOCKEND(ACQ):1
LOCKBGN(RLS):1
LOCKEND(RLS):1
LOCKBGN(ACQ):1
LOCKEND(ACQ):1
LOCKBGN(RLS):1
LOCKEND(RLS):1
LOCKBGN(ACQ):1
LOCKEND(ACQ):1
LOCKBGN(RLS):1
LOCKEND(RLS):1
LOCKBGN(ACQ):1
LOCKEND(ACQ):1
LOCKBGN(RLS):1
LOCKEND(RLS):1
LOCKBGN(ACQ):1
LOCKEND(ACQ):1
LOCKBGN(RLS):1
LOCKEND(RLS):1
LOCKBGN(ACQ):1
LOCKEND(ACQ):1
LOCKBGN(RLS):1
LOCKEND(RLS):1
LOCKBGN(ACQ):1
LOCKEND(ACQ):1
LOCKBGN(RLS):1
LOCKEND(RLS):1
LOCKBGN(ACQ):1
LOCKEND(ACQ):1
LOCKBGN(RLS):1
LOCKEND(RLS):1
LOCKBGN(ACQ):1
LOCKEND(ACQ):1
LOCKBGN(RLS):1
LOCKEND(RLS):1
LOCKBGN(ACQ):1
LOCKEND(ACQ):1
LOCKBGN(RLS):1
LOCKEND(RLS):1
LOCKBGN(ACQ):1
LOCKEND(ACQ):1
LOCKBGN(RLS):1
LOCKEND(RLS):1
LOCKBGN(ACQ):1
LOCKEND(ACQ):1
LOCKBGN(RLS):1
LOCKEND(RLS):1
LOCKBGN(ACQ):1
LOCKEND(ACQ):1
LOCKBGN(RLS):1
LOCKEND(RLS):1
LOCKBGN(ACQ):1
LOCKEND(ACQ):1
LOCKBGN(RLS):1
LOCKEND(RLS):1
LOCKBGN(ACQ):1
LOCKEND(ACQ):1
LOCKBGN(RLS):1
LOCKEND(RLS):1
LOCKBGN(ACQ):1
LOCKEND(ACQ):1
LOCKBGN(RLS):1
LOCKEND(RLS):1
LOCKBGN(ACQ):1
LOCKEND(ACQ):1
LOCKBGN(RLS):1
LOCKEND(RLS):1
LOCKBGN(ACQ):1
LOCKEND(ACQ):1
LOCKBGN(RLS):1
LOCKEND(RLS):1
LOCKBGN(ACQ):1
LOCKEND(ACQ):1
LOCKBGN(RLS):1
LOCKEND(RLS):1
LOCKBGN(ACQ):1
LOCKEND(ACQ):1
LOCKBGN(RLS):1
LOCKEND(RLS):1
LOCKBGN(ACQ):1
LOCKEND(ACQ):1
LOCKBGN(RLS):1
LOCKEND(RLS):1
LOCKBGN(ACQ):1
LOCKEND(ACQ):1
LOCKBGN(RLS):1
LOCKEND(RLS):1
LOCKBGN(ACQ):1
LOCKEND(ACQ):1
LOCKBGN(RLS):1
LOCKEND(RLS):1
LOCKBGN(ACQ):1
LOCKEND(ACQ):1
LOCKBGN(RLS):1
LOCKEND(RLS):1
LOCKBGN(ACQ):1
LOCKEND(ACQ):1
LOCKBGN(RLS):1
LOCKEND(RLS):1
LOCKBGN(ACQ):1
LOCKEND(ACQ):1
LOCKBGN(RLS):1
LOCKEND(RLS):1
LOCKBGN(ACQ):1
LOCKEND(ACQ):1
LOCKBGN(RLS):1
LOCKEND(RLS):1
LOCKBGN(ACQ):1
LOCKEND(ACQ):1
LOCKBGN(RLS):1
LOCKEND(RLS):1
LOCKBGN(ACQ):1
LOCKEND(ACQ):1
LOCKBGN(RLS):1
LOCKEND(RLS):1
LOCKBGN(ACQ):1
LOCKEND(ACQ):1
LOCKBGN(RLS):1
LOCKEND(RLS):1
LOCKBGN(ACQ):1
LOCKEND(ACQ):1
LOCKBGN(RLS):1
LOCKEND(RLS):1
LOCKBGN(ACQ):1
LOCKEND(ACQ):1
LOCKBGN(RLS):1
LOCKEND(RLS):1
LOCKBGN(ACQ):1
LOCKEND(ACQ):1
LOCKBGN(RLS):1
LOCKEND(RLS):1
LOCKBGN(ACQ):1
LOCKEND(ACQ):1
LOCKBGN(RLS):1
LOCKEND(RLS):1
LOCKBGN(ACQ):1
LOCKEND(ACQ):1
LOCKBGN(RLS):1
LOCKEND(RLS):1
LOCKBGN(ACQ):1
LOCKEND(ACQ):1
LOCKBGN(RLS):1
LOCKEND(RLS):1
LOCKBGN(ACQ):1
LOCKEND(ACQ):1
LOCKBGN(RLS):1
LOCKEND(RLS):1
LOCKBGN(ACQ):1
LOCKEND(ACQ):1
LOCKBGN(RLS):1
LOCKEND(RLS):1
LOCKBGN(ACQ):1
LOCKEND(ACQ):1
LOCKBGN(RLS):1
LOCKEND(RLS):1
LOCKBGN(ACQ):1
LOCKEND(ACQ):1
LOCKBGN(RLS):1
LOCKEND(RLS):1
LOCKBGN(ACQ):1
LOCKEND(ACQ):1
LOCKBGN(RLS):1
LOCKEND(RLS):1
LOCKBGN(ACQ):1
LOCKEND(ACQ):1
LOCKBGN(RLS):1
LOCKEND(RLS):1
LOCKBGN(ACQ):1
LOCKEND(ACQ):1
LOCKBGN(RLS):1
LOCKEND(RLS):1
LOCKBGN(ACQ):1
LOCKEND(ACQ):1
LOCKBGN(RLS):1
LOCKEND(RLS):1
LOCKBGN(ACQ):1
LOCKEND(ACQ):1
LOCKBGN(RLS):1
LOCKEND(RLS):1
LOCKBGN(ACQ):1
LOCKEND(ACQ):1
LOCKBGN(RLS):1
LOCKEND(RLS):1
LOCKBGN(ACQ):1
LOCKEND(ACQ):1
LOCKBGN(RLS):1
LOCKEND(RLS):1
LOCKBGN(ACQ):1
LOCKEND(ACQ):1
LOCKBGN(RLS):1
LOCKEND(RLS):1
LOCKBGN(ACQ):1
LOCKEND(ACQ):1
LOCKBGN(RLS):1
LOCKEND(RLS):1
LOCKBGN(ACQ):1
LOCKEND(ACQ):1
LOCKBGN(RLS):1
LOCKEND(RLS):1
LOCKBGN(ACQ):1
LOCKEND(ACQ):1
LOCKBGN(RLS):1
LOCKEND(RLS):1
LOCKBGN(ACQ):245
LOCKEND(ACQ):245
LOCKBGN(RLS):245
LOCKEND(RLS):245
LOCKBGN(ACQ):1
LOCKEND(ACQ):1
LOCKBGN(RLS):1
LOCKEND(RLS):1
LOCKBGN(ACQ):246
LOCKEND(ACQ):246
LOCKBGN(RLS):246
LOCKEND(RLS):246
LOCKBGN(ACQ):246
LOCKEND(ACQ):246
LOCKBGN(RLS):246
LOCKEND(RLS):246
LOCKBGN(ACQ):245
LOCKEND(ACQ):245
LOCKBGN(RLS):245
LOCKEND(RLS):245
LOCKBGN(ACQ):245
LOCKEND(ACQ):245
LOCKBGN(RLS):245
LOCKEND(RLS):245
LOCKBGN(ACQ):245
LOCKEND(ACQ):245
LOCKBGN(RLS):245
LOCKEND(RLS):245
LOCKBGN(ACQ):245
LOCKEND(ACQ):245
LOCKBGN(RLS):245
LOCKEND(RLS):245
LOCKBGN(ACQ):245
LOCKEND(ACQ):245
LOCKBGN(RLS):245
LOCKEND(RLS):245
LOCKBGN(ACQ):245
LOCKEND(ACQ):245
LOCKBGN(RLS):245
LOCKEND(RLS):245
LOCKBGN(ACQ):245
LOCKEND(ACQ):245
LOCKBGN(RLS):245
LOCKEND(RLS):245
LOCKBGN(ACQ):1
LOCKEND(ACQ):1
LOCKBGN(RLS):1
LOCKEND(RLS):1
LOCKBGN(ACQ):247
LOCKEND(ACQ):247
LOCKBGN(RLS):247
LOCKEND(RLS):247
LOCKBGN(ACQ):248
LOCKEND(ACQ):248
LOCKBGN(RLS):248
LOCKEND(RLS):248
LOCKBGN(ACQ):247
LOCKEND(ACQ):247
LOCKBGN(RLS):247
LOCKEND(RLS):247
LOCKBGN(ACQ):247
LOCKEND(ACQ):247
LOCKBGN(RLS):247
LOCKEND(RLS):247
LOCKBGN(ACQ):248
LOCKEND(ACQ):248
LOCKBGN(RLS):248
LOCKEND(RLS):248
LOCKBGN(ACQ):248
LOCKEND(ACQ):248
LOCKBGN(RLS):248
LOCKEND(RLS):248
LOCKBGN(ACQ):247
LOCKEND(ACQ):247
LOCKBGN(RLS):247
LOCKEND(RLS):247
LOCKBGN(ACQ):247
LOCKEND(ACQ):247
LOCKBGN(RLS):247
LOCKEND(RLS):247
LOCKBGN(ACQ):248
LOCKEND(ACQ):248
LOCKBGN(RLS):248
LOCKEND(RLS):248
LOCKBGN(ACQ):247
LOCKEND(ACQ):247
LOCKBGN(RLS):247
LOCKEND(RLS):247
LOCKBGN(ACQ):249
LOCKEND(ACQ):249
LOCKBGN(RLS):249
LOCKEND(RLS):249
LOCKBGN(ACQ):247
LOCKEND(ACQ):247
LOCKBGN(RLS):247
LOCKEND(RLS):247
LOCKBGN(ACQ):250
LOCKEND(ACQ):250
LOCKBGN(RLS):250
LOCKEND(RLS):250
LOCKBGN(ACQ):247
LOCKEND(ACQ):247
LOCKBGN(RLS):247
LOCKEND(RLS):247
LOCKBGN(ACQ):251
LOCKEND(ACQ):251
LOCKBGN(RLS):251
LOCKEND(RLS):251
LOCKBGN(ACQ):247
LOCKEND(ACQ):247
LOCKBGN(RLS):247
LOCKEND(RLS):247
LOCKBGN(ACQ):252
LOCKEND(ACQ):252
LOCKBGN(RLS):252
LOCKEND(RLS):252
LOCKBGN(ACQ):247
LOCKEND(ACQ):247
LOCKBGN(RLS):247
LOCKEND(RLS):247
LOCKBGN(ACQ):253
LOCKEND(ACQ):253
LOCKBGN(RLS):253
LOCKEND(RLS):253
LOCKBGN(ACQ):247
LOCKEND(ACQ):247
LOCKBGN(RLS):247
LOCKEND(RLS):247
LOCKBGN(ACQ):254
LOCKEND(ACQ):254
LOCKBGN(RLS):254
LOCKEND(RLS):254
LOCKBGN(ACQ):247
LOCKEND(ACQ):247
LOCKBGN(RLS):247
LOCKEND(RLS):247
LOCKBGN(ACQ):255
LOCKEND(ACQ):255
LOCKBGN(RLS):255
LOCKEND(RLS):255
LOCKBGN(ACQ):247
LOCKEND(ACQ):247
LOCKBGN(RLS):247
LOCKEND(RLS):247
LOCKBGN(ACQ):256
LOCKEND(ACQ):256
LOCKBGN(RLS):256
LOCKEND(RLS):256
LOCKBGN(ACQ):247
LOCKEND(ACQ):247
LOCKBGN(RLS):247
LOCKEND(RLS):247
LOCKBGN(ACQ):257
LOCKEND(ACQ):257
LOCKBGN(RLS):257
LOCKEND(RLS):257
LOCKBGN(ACQ):252
LOCKEND(ACQ):252
LOCKBGN(RLS):252
LOCKEND(RLS):252
LOCKBGN(ACQ):247
LOCKEND(ACQ):247
LOCKBGN(RLS):247
LOCKEND(RLS):247
LOCKBGN(ACQ):258
LOCKEND(ACQ):258
LOCKBGN(RLS):258
LOCKEND(RLS):258
LOCKBGN(ACQ):253
LOCKEND(ACQ):253
LOCKBGN(RLS):253
LOCKEND(RLS):253
LOCKBGN(ACQ):247
LOCKEND(ACQ):247
LOCKBGN(RLS):247
LOCKEND(RLS):247
LOCKBGN(ACQ):247
LOCKEND(ACQ):247
LOCKBGN(RLS):247
LOCKEND(RLS):247
LOCKBGN(ACQ):247
LOCKEND(ACQ):247
LOCKBGN(RLS):247
LOCKEND(RLS):247
LOCKBGN(ACQ):257
LOCKEND(ACQ):257
LOCKBGN(RLS):257
LOCKEND(RLS):257
LOCKBGN(ACQ):258
LOCKEND(ACQ):258
LOCKBGN(RLS):258
LOCKEND(RLS):258
LOCKBGN(ACQ):247
LOCKEND(ACQ):247
LOCKBGN(RLS):247
LOCKEND(RLS):247
LOCKBGN(ACQ):253
LOCKEND(ACQ):253
LOCKBGN(RLS):253
LOCKEND(RLS):253
LOCKBGN(ACQ):247
LOCKEND(ACQ):247
LOCKBGN(RLS):247
LOCKEND(RLS):247
LOCKBGN(ACQ):247
LOCKEND(ACQ):247
LOCKBGN(RLS):247
LOCKEND(RLS):247
LOCKBGN(ACQ):252
LOCKEND(ACQ):252
LOCKBGN(RLS):252
LOCKEND(RLS):252
LOCKBGN(ACQ):247
LOCKEND(ACQ):247
LOCKBGN(RLS):247
LOCKEND(RLS):247
LOCKBGN(ACQ):247
LOCKEND(ACQ):247
LOCKBGN(RLS):247
LOCKEND(RLS):247
LOCKBGN(ACQ):250
LOCKEND(ACQ):250
LOCKBGN(RLS):250
LOCKEND(RLS):250
LOCKBGN(ACQ):247
LOCKEND(ACQ):247
LOCKBGN(RLS):247
LOCKEND(RLS):247
LOCKBGN(ACQ):248
LOCKEND(ACQ):248
LOCKBGN(RLS):248
LOCKEND(RLS):248
LOCKBGN(ACQ):247
LOCKEND(ACQ):247
LOCKBGN(RLS):247
LOCKEND(RLS):247
LOCKBGN(ACQ):251
LOCKEND(ACQ):251
LOCKBGN(RLS):251
LOCKEND(RLS):251
LOCKBGN(ACQ):247
LOCKEND(ACQ):247
LOCKBGN(RLS):247
LOCKEND(RLS):247
LOCKBGN(ACQ):247
LOCKEND(ACQ):247
LOCKBGN(RLS):247
LOCKEND(RLS):247
LOCKBGN(ACQ):247
LOCKEND(ACQ):247
LOCKBGN(RLS):247
LOCKEND(RLS):247
LOCKBGN(ACQ):247
LOCKEND(ACQ):247
LOCKBGN(RLS):247
LOCKEND(RLS):247
LOCKBGN(ACQ):250
LOCKEND(ACQ):250
LOCKBGN(RLS):250
LOCKEND(RLS):250
LOCKBGN(ACQ):247
LOCKEND(ACQ):247
LOCKBGN(RLS):247
LOCKEND(RLS):247
LOCKBGN(ACQ):251
LOCKEND(ACQ):251
LOCKBGN(RLS):251
LOCKEND(RLS):251
LOCKBGN(ACQ):247
LOCKEND(ACQ):247
LOCKBGN(RLS):247
LOCKEND(RLS):247
LOCKBGN(ACQ):247
LOCKEND(ACQ):247
LOCKBGN(RLS):247
LOCKEND(RLS):247
LOCKBGN(ACQ):247
LOCKEND(ACQ):247
LOCKBGN(RLS):247
LOCKEND(RLS):247
LOCKBGN(ACQ):249
LOCKEND(ACQ):249
LOCKBGN(RLS):249
LOCKEND(RLS):249
LOCKBGN(ACQ):247
LOCKEND(ACQ):247
LOCKBGN(RLS):247
LOCKEND(RLS):247
LOCKBGN(ACQ):247
LOCKEND(ACQ):247
LOCKBGN(RLS):247
LOCKEND(RLS):247
LOCKBGN(ACQ):249
LOCKEND(ACQ):249
LOCKBGN(RLS):249
LOCKEND(RLS):249
LOCKBGN(ACQ):247
LOCKEND(ACQ):247
LOCKBGN(RLS):247
LOCKEND(RLS):247
LOCKBGN(ACQ):247
LOCKEND(ACQ):247
LOCKBGN(RLS):247
LOCKEND(RLS):247
LOCKBGN(ACQ):248
LOCKEND(ACQ):248
LOCKBGN(RLS):248
LOCKEND(RLS):248
LOCKBGN(ACQ):247
LOCKEND(ACQ):247
LOCKBGN(RLS):247
LOCKEND(RLS):247
LOCKBGN(ACQ):247
LOCKEND(ACQ):247
LOCKBGN(RLS):247
LOCKEND(RLS):247
LOCKBGN(ACQ):250
LOCKEND(ACQ):250
LOCKBGN(RLS):250
LOCKEND(RLS):250
LOCKBGN(ACQ):247
LOCKEND(ACQ):247
LOCKBGN(RLS):247
LOCKEND(RLS):247
LOCKBGN(ACQ):251
LOCKEND(ACQ):251
LOCKBGN(RLS):251
LOCKEND(RLS):251
LOCKBGN(ACQ):247
LOCKEND(ACQ):247
LOCKBGN(RLS):247
LOCKEND(RLS):247
LOCKBGN(ACQ):253
LOCKEND(ACQ):253
LOCKBGN(RLS):253
LOCKEND(RLS):253
LOCKBGN(ACQ):249
LOCKEND(ACQ):249
LOCKBGN(RLS):249
LOCKEND(RLS):249
LOCKBGN(ACQ):247
LOCKEND(ACQ):247
LOCKBGN(RLS):247
LOCKEND(RLS):247
LOCKBGN(ACQ):247
LOCKEND(ACQ):247
LOCKBGN(RLS):247
LOCKEND(RLS):247
LOCKBGN(ACQ):252
LOCKEND(ACQ):252
LOCKBGN(RLS):252
LOCKEND(RLS):252
LOCKBGN(ACQ):252
LOCKEND(ACQ):252
LOCKBGN(RLS):252
LOCKEND(RLS):252
LOCKBGN(ACQ):247
LOCKEND(ACQ):247
LOCKBGN(RLS):247
LOCKEND(RLS):247
LOCKBGN(ACQ):254
LOCKEND(ACQ):254
LOCKBGN(RLS):254
LOCKEND(RLS):254
LOCKBGN(ACQ):247
LOCKEND(ACQ):247
LOCKBGN(RLS):247
LOCKEND(RLS):247
LOCKBGN(ACQ):247
LOCKEND(ACQ):247
LOCKBGN(RLS):247
LOCKEND(RLS):247
LOCKBGN(ACQ):247
LOCKEND(ACQ):247
LOCKBGN(RLS):247
LOCKEND(RLS):247
LOCKBGN(ACQ):247
LOCKEND(ACQ):247
LOCKBGN(RLS):247
LOCKEND(RLS):247
LOCKBGN(ACQ):252
LOCKEND(ACQ):252
LOCKBGN(RLS):252
LOCKEND(RLS):252
LOCKBGN(ACQ):247
LOCKEND(ACQ):247
LOCKBGN(RLS):247
LOCKEND(RLS):247
LOCKBGN(ACQ):247
LOCKEND(ACQ):247
LOCKBGN(RLS):247
LOCKEND(RLS):247
LOCKBGN(ACQ):251
LOCKEND(ACQ):251
LOCKBGN(RLS):251
LOCKEND(RLS):251
LOCKBGN(ACQ):247
LOCKEND(ACQ):247
LOCKBGN(RLS):247
LOCKEND(RLS):247
LOCKBGN(ACQ):253
LOCKEND(ACQ):253
LOCKBGN(RLS):253
LOCKEND(RLS):253
LOCKBGN(ACQ):247
LOCKEND(ACQ):247
LOCKBGN(RLS):247
LOCKEND(RLS):247
LOCKBGN(ACQ):247
LOCKEND(ACQ):247
LOCKBGN(RLS):247
LOCKEND(RLS):247
LOCKBGN(ACQ):247
LOCKEND(ACQ):247
LOCKBGN(RLS):247
LOCKEND(RLS):247
LOCKBGN(ACQ):249
LOCKEND(ACQ):249
LOCKBGN(RLS):249
LOCKEND(RLS):249
LOCKBGN(ACQ):247
LOCKEND(ACQ):247
LOCKBGN(RLS):247
LOCKEND(RLS):247
LOCKBGN(ACQ):250
LOCKEND(ACQ):250
LOCKBGN(RLS):250
LOCKEND(RLS):250
LOCKBGN(ACQ):247
LOCKEND(ACQ):247
LOCKBGN(RLS):247
LOCKEND(RLS):247
LOCKBGN(ACQ):247
LOCKEND(ACQ):247
LOCKBGN(RLS):247
LOCKEND(RLS):247
LOCKBGN(ACQ):247
LOCKEND(ACQ):247
LOCKBGN(RLS):247
LOCKEND(RLS):247
LOCKBGN(ACQ):251
LOCKEND(ACQ):251
LOCKBGN(RLS):251
LOCKEND(RLS):251
LOCKBGN(ACQ):247
LOCKEND(ACQ):247
LOCKBGN(RLS):247
LOCKEND(RLS):247
LOCKBGN(ACQ):247
LOCKEND(ACQ):247
LOCKBGN(RLS):247
LOCKEND(RLS):247
LOCKBGN(ACQ):251
LOCKEND(ACQ):251
LOCKBGN(RLS):251
LOCKEND(RLS):251
LOCKBGN(ACQ):247
LOCKEND(ACQ):247
LOCKBGN(RLS):247
LOCKEND(RLS):247
LOCKBGN(ACQ):252
LOCKEND(ACQ):252
LOCKBGN(RLS):252
LOCKEND(RLS):252
LOCKBGN(ACQ):247
LOCKEND(ACQ):247
LOCKBGN(RLS):247
LOCKEND(RLS):247
LOCKBGN(ACQ):247
LOCKEND(ACQ):247
LOCKBGN(RLS):247
LOCKEND(RLS):247
LOCKBGN(ACQ):252
LOCKEND(ACQ):252
LOCKBGN(RLS):252
LOCKEND(RLS):252
LOCKBGN(ACQ):247
LOCKEND(ACQ):247
LOCKBGN(RLS):247
LOCKEND(RLS):247
LOCKBGN(ACQ):254
LOCKEND(ACQ):254
LOCKBGN(RLS):254
LOCKEND(RLS):254
LOCKBGN(ACQ):247
LOCKEND(ACQ):247
LOCKBGN(RLS):247
LOCKEND(RLS):247
LOCKBGN(ACQ):255
LOCKEND(ACQ):255
LOCKBGN(RLS):255
LOCKEND(RLS):255
LOCKBGN(ACQ):254
LOCKEND(ACQ):254
LOCKBGN(RLS):254
LOCKEND(RLS):254
LOCKBGN(ACQ):247
LOCKEND(ACQ):247
LOCKBGN(RLS):247
LOCKEND(RLS):247
LOCKBGN(ACQ):256
LOCKEND(ACQ):256
LOCKBGN(RLS):256
LOCKEND(RLS):256
LOCKBGN(ACQ):247
LOCKEND(ACQ):247
LOCKBGN(RLS):247
LOCKEND(RLS):247
LOCKBGN(ACQ):247
LOCKEND(ACQ):247
LOCKBGN(RLS):247
LOCKEND(RLS):247
LOCKBGN(ACQ):247
LOCKEND(ACQ):247
LOCKBGN(RLS):247
LOCKEND(RLS):247
LOCKBGN(ACQ):247
LOCKEND(ACQ):247
LOCKBGN(RLS):247
LOCKEND(RLS):247
LOCKBGN(ACQ):247
LOCKEND(ACQ):247
LOCKBGN(RLS):247
LOCKEND(RLS):247
LOCKBGN(ACQ):247
LOCKEND(ACQ):247
LOCKBGN(RLS):247
LOCKEND(RLS):247
LOCKBGN(ACQ):247
LOCKEND(ACQ):247
LOCKBGN(RLS):247
LOCKEND(RLS):247
LOCKBGN(ACQ):247
LOCKEND(ACQ):247
LOCKBGN(RLS):247
LOCKEND(RLS):247
LOCKBGN(ACQ):247
LOCKEND(ACQ):247
LOCKBGN(RLS):247
LOCKEND(RLS):247
LOCKBGN(ACQ):247
LOCKEND(ACQ):247
LOCKBGN(RLS):247
LOCKEND(RLS):247
LOCKBGN(ACQ):1
LOCKEND(ACQ):1
LOCKBGN(RLS):1
LOCKEND(RLS):1
LOCKBGN(ACQ):1
LOCKEND(ACQ):1
LOCKBGN(RLS):1
LOCKEND(RLS):1
LOCKBGN(ACQ):249
LOCKEND(ACQ):249
LOCKBGN(RLS):249
LOCKEND(RLS):249
LOCKBGN(ACQ):1
LOCKEND(ACQ):1
LOCKBGN(RLS):1
LOCKEND(RLS):1
LOCKBGN(ACQ):1
LOCKEND(ACQ):1
LOCKBGN(RLS):1
LOCKEND(RLS):1
LOCKBGN(ACQ):1
LOCKEND(ACQ):1
LOCKBGN(RLS):1
LOCKEND(RLS):1
LOCKBGN(ACQ):1
LOCKEND(ACQ):1
LOCKBGN(RLS):1
LOCKEND(RLS):1
LOCKBGN(ACQ):1
LOCKEND(ACQ):1
LOCKBGN(RLS):1
LOCKEND(RLS):1
LOCKBGN(ACQ):1
LOCKEND(ACQ):1
LOCKBGN(RLS):1
LOCKEND(RLS):1
LOCKBGN(ACQ):1
LOCKEND(ACQ):1
LOCKBGN(RLS):1
LOCKEND(RLS):1
LOCKBGN(ACQ):1
LOCKEND(ACQ):1
LOCKBGN(RLS):1
LOCKEND(RLS):1
LOCKBGN(ACQ):249
LOCKEND(ACQ):249
LOCKBGN(RLS):249
LOCKEND(RLS):249
LOCKBGN(ACQ):1
LOCKEND(ACQ):1
LOCKBGN(RLS):1
LOCKEND(RLS):1
LOCKBGN(ACQ):1
LOCKEND(ACQ):1
LOCKBGN(RLS):1
LOCKEND(RLS):1
LOCKBGN(ACQ):1
LOCKEND(ACQ):1
LOCKBGN(RLS):1
LOCKEND(RLS):1
LOCKBGN(ACQ):1
LOCKEND(ACQ):1
LOCKBGN(RLS):1
LOCKEND(RLS):1
LOCKBGN(ACQ):251
LOCKEND(ACQ):251
LOCKBGN(RLS):251
LOCKEND(RLS):251
LOCKBGN(ACQ):251
LOCKEND(ACQ):251
LOCKBGN(RLS):251
LOCKEND(RLS):251
LOCKBGN(ACQ):251
LOCKEND(ACQ):251
LOCKBGN(RLS):251
LOCKEND(RLS):251
LOCKBGN(ACQ):251
LOCKEND(ACQ):251
LOCKBGN(RLS):251
LOCKEND(RLS):251
LOCKBGN(ACQ):251
LOCKEND(ACQ):251
LOCKBGN(RLS):251
LOCKEND(RLS):251
LOCKBGN(ACQ):251
LOCKEND(ACQ):251
LOCKBGN(RLS):251
LOCKEND(RLS):251
LOCKBGN(ACQ):251
LOCKEND(ACQ):251
LOCKBGN(RLS):251
LOCKEND(RLS):251
LOCKBGN(ACQ):251
LOCKEND(ACQ):251
LOCKBGN(RLS):251
LOCKEND(RLS):251
LOCKBGN(ACQ):251
LOCKEND(ACQ):251
LOCKBGN(RLS):251
LOCKEND(RLS):251
LOCKBGN(ACQ):251
LOCKEND(ACQ):251
LOCKBGN(RLS):251
LOCKEND(RLS):251
LOCKBGN(ACQ):251
LOCKEND(ACQ):251
LOCKBGN(RLS):251
LOCKEND(RLS):251
LOCKBGN(ACQ):251
LOCKEND(ACQ):251
LOCKBGN(RLS):251
LOCKEND(RLS):251
LOCKBGN(ACQ):251
LOCKEND(ACQ):251
LOCKBGN(RLS):251
LOCKEND(RLS):251
LOCKBGN(ACQ):251
LOCKEND(ACQ):251
LOCKBGN(RLS):251
LOCKEND(RLS):251
LOCKBGN(ACQ):251
LOCKEND(ACQ):251
LOCKBGN(RLS):251
LOCKEND(RLS):251
LOCKBGN(ACQ):251
LOCKEND(ACQ):251
LOCKBGN(RLS):251
LOCKEND(RLS):251
LOCKBGN(ACQ):251
LOCKEND(ACQ):251
LOCKBGN(RLS):251
LOCKEND(RLS):251
LOCKBGN(ACQ):251
LOCKEND(ACQ):251
LOCKBGN(RLS):251
LOCKEND(RLS):251
LOCKBGN(ACQ):251
LOCKEND(ACQ):251
LOCKBGN(RLS):251
LOCKEND(RLS):251
LOCKBGN(ACQ):251
LOCKEND(ACQ):251
LOCKBGN(RLS):251
LOCKEND(RLS):251
LOCKBGN(ACQ):251
LOCKEND(ACQ):251
LOCKBGN(RLS):251
LOCKEND(RLS):251
LOCKBGN(ACQ):251
LOCKEND(ACQ):251
LOCKBGN(RLS):251
LOCKEND(RLS):251
LOCKBGN(ACQ):251
LOCKEND(ACQ):251
LOCKBGN(RLS):251
LOCKEND(RLS):251
LOCKBGN(ACQ):251
LOCKEND(ACQ):251
LOCKBGN(RLS):251
LOCKEND(RLS):251
LOCKBGN(ACQ):251
LOCKEND(ACQ):251
LOCKBGN(RLS):251
LOCKEND(RLS):251
LOCKBGN(ACQ):251
LOCKEND(ACQ):251
LOCKBGN(RLS):251
LOCKEND(RLS):251
LOCKBGN(ACQ):251
LOCKEND(ACQ):251
LOCKBGN(RLS):251
LOCKEND(RLS):251
LOCKBGN(ACQ):251
LOCKEND(ACQ):251
LOCKBGN(RLS):251
LOCKEND(RLS):251
LOCKBGN(ACQ):251
LOCKEND(ACQ):251
LOCKBGN(RLS):251
LOCKEND(RLS):251
LOCKBGN(ACQ):251
LOCKEND(ACQ):251
LOCKBGN(RLS):251
LOCKEND(RLS):251
LOCKBGN(ACQ):1
LOCKEND(ACQ):1
LOCKBGN(RLS):1
LOCKEND(RLS):1
LOCKBGN(ACQ):1
LOCKEND(ACQ):1
LOCKBGN(RLS):1
LOCKEND(RLS):1
LOCKBGN(ACQ):251
LOCKEND(ACQ):251
LOCKBGN(RLS):251
LOCKEND(RLS):251
LOCKBGN(ACQ):251
LOCKEND(ACQ):251
LOCKBGN(RLS):251
LOCKEND(RLS):251
LOCKBGN(ACQ):251
LOCKEND(ACQ):251
LOCKBGN(RLS):251
LOCKEND(RLS):251
LOCKBGN(ACQ):251
LOCKEND(ACQ):251
LOCKBGN(RLS):251
LOCKEND(RLS):251
LOCKBGN(ACQ):251
LOCKEND(ACQ):251
LOCKBGN(RLS):251
LOCKEND(RLS):251
LOCKBGN(ACQ):251
LOCKEND(ACQ):251
LOCKBGN(RLS):251
LOCKEND(RLS):251
LOCKBGN(ACQ):251
LOCKEND(ACQ):251
LOCKBGN(RLS):251
LOCKEND(RLS):251
LOCKBGN(ACQ):251
LOCKEND(ACQ):251
LOCKBGN(RLS):251
LOCKEND(RLS):251
LOCKBGN(ACQ):251
LOCKEND(ACQ):251
LOCKBGN(RLS):251
LOCKEND(RLS):251
LOCKBGN(ACQ):251
LOCKEND(ACQ):251
LOCKBGN(RLS):251
LOCKEND(RLS):251
LOCKBGN(ACQ):251
LOCKEND(ACQ):251
LOCKBGN(RLS):251
LOCKEND(RLS):251
LOCKBGN(ACQ):251
LOCKEND(ACQ):251
LOCKBGN(RLS):251
LOCKEND(RLS):251
LOCKBGN(ACQ):251
LOCKEND(ACQ):251
LOCKBGN(RLS):251
LOCKEND(RLS):251
LOCKBGN(ACQ):251
LOCKEND(ACQ):251
LOCKBGN(RLS):251
LOCKEND(RLS):251
LOCKBGN(ACQ):251
LOCKEND(ACQ):251
LOCKBGN(RLS):251
LOCKEND(RLS):251
LOCKBGN(ACQ):251
LOCKEND(ACQ):251
LOCKBGN(RLS):251
LOCKEND(RLS):251
LOCKBGN(ACQ):251
LOCKEND(ACQ):251
LOCKBGN(RLS):251
LOCKEND(RLS):251
LOCKBGN(ACQ):251
LOCKEND(ACQ):251
LOCKBGN(RLS):251
LOCKEND(RLS):251
LOCKBGN(ACQ):251
LOCKEND(ACQ):251
LOCKBGN(RLS):251
LOCKEND(RLS):251
LOCKBGN(ACQ):251
LOCKEND(ACQ):251
LOCKBGN(RLS):251
LOCKEND(RLS):251
LOCKBGN(ACQ):251
LOCKEND(ACQ):251
LOCKBGN(RLS):251
LOCKEND(RLS):251
LOCKBGN(ACQ):251
LOCKEND(ACQ):251
LOCKBGN(RLS):251
LOCKEND(RLS):251
LOCKBGN(ACQ):251
LOCKEND(ACQ):251
LOCKBGN(RLS):251
LOCKEND(RLS):251
LOCKBGN(ACQ):251
LOCKEND(ACQ):251
LOCKBGN(RLS):251
LOCKEND(RLS):251
LOCKBGN(ACQ):251
LOCKEND(ACQ):251
LOCKBGN(RLS):251
LOCKEND(RLS):251
LOCKBGN(ACQ):251
LOCKEND(ACQ):251
LOCKBGN(RLS):251
LOCKEND(RLS):251
LOCKBGN(ACQ):251
LOCKEND(ACQ):251
LOCKBGN(RLS):251
LOCKEND(RLS):251
LOCKBGN(ACQ):251
LOCKEND(ACQ):251
LOCKBGN(RLS):251
LOCKEND(RLS):251
LOCKBGN(ACQ):251
LOCKEND(ACQ):251
LOCKBGN(RLS):251
LOCKEND(RLS):251
LOCKBGN(ACQ):251
LOCKEND(ACQ):251
LOCKBGN(RLS):251
LOCKEND(RLS):251
LOCKBGN(ACQ):1
LOCKEND(ACQ):1
LOCKBGN(RLS):1
LOCKEND(RLS):1
LOCKBGN(ACQ):1
LOCKEND(ACQ):1
LOCKBGN(RLS):1
LOCKEND(RLS):1
LOCKBGN(ACQ):251
LOCKEND(ACQ):251
LOCKBGN(RLS):251
LOCKEND(RLS):251
LOCKBGN(ACQ):252
LOCKEND(ACQ):252
LOCKBGN(RLS):252
LOCKEND(RLS):252
LOCKBGN(ACQ):251
LOCKEND(ACQ):251
LOCKBGN(RLS):251
LOCKEND(RLS):251
LOCKBGN(ACQ):251
LOCKEND(ACQ):251
LOCKBGN(RLS):251
LOCKEND(RLS):251
LOCKBGN(ACQ):252
LOCKEND(ACQ):252
LOCKBGN(RLS):252
LOCKEND(RLS):252
LOCKBGN(ACQ):251
LOCKEND(ACQ):251
LOCKBGN(RLS):251
LOCKEND(RLS):251
LOCKBGN(ACQ):251
LOCKEND(ACQ):251
LOCKBGN(RLS):251
LOCKEND(RLS):251
LOCKBGN(ACQ):252
LOCKEND(ACQ):252
LOCKBGN(RLS):252
LOCKEND(RLS):252
LOCKBGN(ACQ):251
LOCKEND(ACQ):251
LOCKBGN(RLS):251
LOCKEND(RLS):251
LOCKBGN(ACQ):251
LOCKEND(ACQ):251
LOCKBGN(RLS):251
LOCKEND(RLS):251
LOCKBGN(ACQ):252
LOCKEND(ACQ):252
LOCKBGN(RLS):252
LOCKEND(RLS):252
LOCKBGN(ACQ):251
LOCKEND(ACQ):251
LOCKBGN(RLS):251
LOCKEND(RLS):251
LOCKBGN(ACQ):251
LOCKEND(ACQ):251
LOCKBGN(RLS):251
LOCKEND(RLS):251
LOCKBGN(ACQ):252
LOCKEND(ACQ):252
LOCKBGN(RLS):252
LOCKEND(RLS):252
LOCKBGN(ACQ):251
LOCKEND(ACQ):251
LOCKBGN(RLS):251
LOCKEND(RLS):251
LOCKBGN(ACQ):251
LOCKEND(ACQ):251
LOCKBGN(RLS):251
LOCKEND(RLS):251
LOCKBGN(ACQ):252
LOCKEND(ACQ):252
LOCKBGN(RLS):252
LOCKEND(RLS):252
LOCKBGN(ACQ):252
LOCKEND(ACQ):252
LOCKBGN(RLS):252
LOCKEND(RLS):252
LOCKBGN(ACQ):252
LOCKEND(ACQ):252
LOCKBGN(RLS):252
LOCKEND(RLS):252
LOCKBGN(ACQ):251
LOCKEND(ACQ):251
LOCKBGN(RLS):251
LOCKEND(RLS):251
LOCKBGN(ACQ):251
LOCKEND(ACQ):251
LOCKBGN(RLS):251
LOCKEND(RLS):251
LOCKBGN(ACQ):252
LOCKEND(ACQ):252
LOCKBGN(RLS):252
LOCKEND(RLS):252
LOCKBGN(ACQ):251
LOCKEND(ACQ):251
LOCKBGN(RLS):251
LOCKEND(RLS):251
LOCKBGN(ACQ):253
LOCKEND(ACQ):253
LOCKBGN(RLS):253
LOCKEND(RLS):253
LOCKBGN(ACQ):251
LOCKEND(ACQ):251
LOCKBGN(RLS):251
LOCKEND(RLS):251
LOCKBGN(ACQ):251
LOCKEND(ACQ):251
LOCKBGN(RLS):251
LOCKEND(RLS):251
LOCKBGN(ACQ):251
LOCKEND(ACQ):251
LOCKBGN(RLS):251
LOCKEND(RLS):251
LOCKBGN(ACQ):252
LOCKEND(ACQ):252
LOCKBGN(RLS):252
LOCKEND(RLS):252
LOCKBGN(ACQ):251
LOCKEND(ACQ):251
LOCKBGN(RLS):251
LOCKEND(RLS):251
LOCKBGN(ACQ):253
LOCKEND(ACQ):253
LOCKBGN(RLS):253
LOCKEND(RLS):253
LOCKBGN(ACQ):251
LOCKEND(ACQ):251
LOCKBGN(RLS):251
LOCKEND(RLS):251
LOCKBGN(ACQ):254
LOCKEND(ACQ):254
LOCKBGN(RLS):254
LOCKEND(RLS):254
LOCKBGN(ACQ):251
LOCKEND(ACQ):251
LOCKBGN(RLS):251
LOCKEND(RLS):251
LOCKBGN(ACQ):255
LOCKEND(ACQ):255
LOCKBGN(RLS):255
LOCKEND(RLS):255
LOCKBGN(ACQ):251
LOCKEND(ACQ):251
LOCKBGN(RLS):251
LOCKEND(RLS):251
LOCKBGN(ACQ):256
LOCKEND(ACQ):256
LOCKBGN(RLS):256
LOCKEND(RLS):256
LOCKBGN(ACQ):251
LOCKEND(ACQ):251
LOCKBGN(RLS):251
LOCKEND(RLS):251
LOCKBGN(ACQ):257
LOCKEND(ACQ):257
LOCKBGN(RLS):257
LOCKEND(RLS):257
LOCKBGN(ACQ):251
LOCKEND(ACQ):251
LOCKBGN(RLS):251
LOCKEND(RLS):251
LOCKBGN(ACQ):258
LOCKEND(ACQ):258
LOCKBGN(RLS):258
LOCKEND(RLS):258
LOCKBGN(ACQ):251
LOCKEND(ACQ):251
LOCKBGN(RLS):251
LOCKEND(RLS):251
LOCKBGN(ACQ):259
LOCKEND(ACQ):259
LOCKBGN(RLS):259
LOCKEND(RLS):259
LOCKBGN(ACQ):251
LOCKEND(ACQ):251
LOCKBGN(RLS):251
LOCKEND(RLS):251
LOCKBGN(ACQ):260
LOCKEND(ACQ):260
LOCKBGN(RLS):260
LOCKEND(RLS):260
LOCKBGN(ACQ):251
LOCKEND(ACQ):251
LOCKBGN(RLS):251
LOCKEND(RLS):251
LOCKBGN(ACQ):261
LOCKEND(ACQ):261
LOCKBGN(RLS):261
LOCKEND(RLS):261
LOCKBGN(ACQ):251
LOCKEND(ACQ):251
LOCKBGN(RLS):251
LOCKEND(RLS):251
LOCKBGN(ACQ):262
LOCKEND(ACQ):262
LOCKBGN(RLS):262
LOCKEND(RLS):262
LOCKBGN(ACQ):251
LOCKEND(ACQ):251
LOCKBGN(RLS):251
LOCKEND(RLS):251
LOCKBGN(ACQ):263
LOCKEND(ACQ):263
LOCKBGN(RLS):263
LOCKEND(RLS):263
LOCKBGN(ACQ):251
LOCKEND(ACQ):251
LOCKBGN(RLS):251
LOCKEND(RLS):251
LOCKBGN(ACQ):264
LOCKEND(ACQ):264
LOCKBGN(RLS):264
LOCKEND(RLS):264
LOCKBGN(ACQ):251
LOCKEND(ACQ):251
LOCKBGN(RLS):251
LOCKEND(RLS):251
LOCKBGN(ACQ):265
LOCKEND(ACQ):265
LOCKBGN(RLS):265
LOCKEND(RLS):265
LOCKBGN(ACQ):251
LOCKEND(ACQ):251
LOCKBGN(RLS):251
LOCKEND(RLS):251
LOCKBGN(ACQ):266
LOCKEND(ACQ):266
LOCKBGN(RLS):266
LOCKEND(RLS):266
LOCKBGN(ACQ):251
LOCKEND(ACQ):251
LOCKBGN(RLS):251
LOCKEND(RLS):251
LOCKBGN(ACQ):267
LOCKEND(ACQ):267
LOCKBGN(RLS):267
LOCKEND(RLS):267
LOCKBGN(ACQ):251
LOCKEND(ACQ):251
LOCKBGN(RLS):251
LOCKEND(RLS):251
LOCKBGN(ACQ):268
LOCKEND(ACQ):268
LOCKBGN(RLS):268
LOCKEND(RLS):268
LOCKBGN(ACQ):251
LOCKEND(ACQ):251
LOCKBGN(RLS):251
LOCKEND(RLS):251
LOCKBGN(ACQ):269
LOCKEND(ACQ):269
LOCKBGN(RLS):269
LOCKEND(RLS):269
LOCKBGN(ACQ):251
LOCKEND(ACQ):251
LOCKBGN(RLS):251
LOCKEND(RLS):251
LOCKBGN(ACQ):270
LOCKEND(ACQ):270
LOCKBGN(RLS):270
LOCKEND(RLS):270
LOCKBGN(ACQ):251
LOCKEND(ACQ):251
LOCKBGN(RLS):251
LOCKEND(RLS):251
LOCKBGN(ACQ):271
LOCKEND(ACQ):271
LOCKBGN(RLS):271
LOCKEND(RLS):271
LOCKBGN(ACQ):251
LOCKEND(ACQ):251
LOCKBGN(RLS):251
LOCKEND(RLS):251
LOCKBGN(ACQ):251
LOCKEND(ACQ):251
LOCKBGN(RLS):251
LOCKEND(RLS):251
LOCKBGN(ACQ):251
LOCKEND(ACQ):251
LOCKBGN(RLS):251
LOCKEND(RLS):251
LOCKBGN(ACQ):251
LOCKEND(ACQ):251
LOCKBGN(RLS):251
LOCKEND(RLS):251
LOCKBGN(ACQ):251
LOCKEND(ACQ):251
LOCKBGN(RLS):251
LOCKEND(RLS):251
LOCKBGN(ACQ):251
LOCKEND(ACQ):251
LOCKBGN(RLS):251
LOCKEND(RLS):251
LOCKBGN(ACQ):251
LOCKEND(ACQ):251
LOCKBGN(RLS):251
LOCKEND(RLS):251
LOCKBGN(ACQ):251
LOCKEND(ACQ):251
LOCKBGN(RLS):251
LOCKEND(RLS):251
LOCKBGN(ACQ):251
LOCKEND(ACQ):251
LOCKBGN(RLS):251
LOCKEND(RLS):251
LOCKBGN(ACQ):251
LOCKEND(ACQ):251
LOCKBGN(RLS):251
LOCKEND(RLS):251
LOCKBGN(ACQ):251
LOCKEND(ACQ):251
LOCKBGN(RLS):251
LOCKEND(RLS):251
LOCKBGN(ACQ):251
LOCKEND(ACQ):251
LOCKBGN(RLS):251
LOCKEND(RLS):251
LOCKBGN(ACQ):251
LOCKEND(ACQ):251
LOCKBGN(RLS):251
LOCKEND(RLS):251
LOCKBGN(ACQ):251
LOCKEND(ACQ):251
LOCKBGN(RLS):251
LOCKEND(RLS):251
LOCKBGN(ACQ):251
LOCKEND(ACQ):251
LOCKBGN(RLS):251
LOCKEND(RLS):251
LOCKBGN(ACQ):251
LOCKEND(ACQ):251
LOCKBGN(RLS):251
LOCKEND(RLS):251
LOCKBGN(ACQ):251
LOCKEND(ACQ):251
LOCKBGN(RLS):251
LOCKEND(RLS):251
LOCKBGN(ACQ):251
LOCKEND(ACQ):251
LOCKBGN(RLS):251
LOCKEND(RLS):251
LOCKBGN(ACQ):251
LOCKEND(ACQ):251
LOCKBGN(RLS):251
LOCKEND(RLS):251
LOCKBGN(ACQ):251
LOCKEND(ACQ):251
LOCKBGN(RLS):251
LOCKEND(RLS):251
LOCKBGN(ACQ):251
LOCKEND(ACQ):251
LOCKBGN(RLS):251
LOCKEND(RLS):251
LOCKBGN(ACQ):252
LOCKEND(ACQ):252
LOCKBGN(RLS):252
LOCKEND(RLS):252
LOCKBGN(ACQ):252
LOCKEND(ACQ):252
LOCKBGN(RLS):252
LOCKEND(RLS):252
LOCKBGN(ACQ):252
LOCKEND(ACQ):252
LOCKBGN(RLS):252
LOCKEND(RLS):252
LOCKBGN(ACQ):252
LOCKEND(ACQ):252
LOCKBGN(RLS):252
LOCKEND(RLS):252
LOCKBGN(ACQ):252
LOCKEND(ACQ):252
LOCKBGN(RLS):252
LOCKEND(RLS):252
LOCKBGN(ACQ):251
LOCKEND(ACQ):251
LOCKBGN(RLS):251
LOCKEND(RLS):251
LOCKBGN(ACQ):1
LOCKEND(ACQ):1
LOCKBGN(RLS):1
LOCKEND(RLS):1
LOCKBGN(ACQ):252
LOCKEND(ACQ):252
LOCKBGN(RLS):252
LOCKEND(RLS):252
LOCKBGN(ACQ):252
LOCKEND(ACQ):252
LOCKBGN(ACQ):253
LOCKEND(ACQ):253
LOCKBGN(RLS):253
LOCKEND(RLS):253
LOCKBGN(RLS):252
LOCKEND(RLS):252
LOCKBGN(ACQ):254
LOCKEND(ACQ):254
LOCKBGN(RLS):254
LOCKEND(RLS):254
LOCKBGN(ACQ):252
LOCKEND(ACQ):252
LOCKBGN(RLS):252
LOCKEND(RLS):252
LOCKBGN(ACQ):252
LOCKEND(ACQ):252
LOCKBGN(ACQ):255
LOCKEND(ACQ):255
LOCKBGN(RLS):252
LOCKEND(RLS):252
LOCKBGN(RLS):255
LOCKEND(RLS):255
LOCKBGN(ACQ):256
LOCKEND(ACQ):256
LOCKBGN(RLS):256
LOCKEND(RLS):256
LOCKBGN(ACQ):252
LOCKEND(ACQ):252
LOCKBGN(RLS):252
LOCKEND(RLS):252
LOCKBGN(ACQ):252
LOCKEND(ACQ):252
LOCKBGN(ACQ):257
LOCKEND(ACQ):257
LOCKBGN(RLS):257
LOCKEND(RLS):257
LOCKBGN(RLS):252
LOCKEND(RLS):252
LOCKBGN(ACQ):258
LOCKEND(ACQ):258
LOCKBGN(RLS):258
LOCKEND(RLS):258
LOCKBGN(ACQ):252
LOCKEND(ACQ):252
LOCKBGN(ACQ):252
LOCKBGN(RLS):252
LOCKEND(RLS):252
LOCKEND(ACQ):252
LOCKBGN(ACQ):259
LOCKEND(ACQ):259
LOCKBGN(RLS):252
LOCKEND(RLS):252
LOCKBGN(RLS):259
LOCKEND(RLS):259
LOCKBGN(ACQ):260
LOCKEND(ACQ):260
LOCKBGN(RLS):260
LOCKEND(RLS):260
LOCKBGN(ACQ):252
LOCKEND(ACQ):252
LOCKBGN(ACQ):252
LOCKBGN(RLS):252
LOCKEND(RLS):252
LOCKEND(ACQ):252
LOCKBGN(ACQ):261
LOCKEND(ACQ):261
LOCKBGN(RLS):252
LOCKEND(RLS):252
LOCKBGN(RLS):261
LOCKEND(RLS):261
LOCKBGN(ACQ):262
LOCKEND(ACQ):262
LOCKBGN(RLS):262
LOCKEND(RLS):262
LOCKBGN(ACQ):252
LOCKEND(ACQ):252
LOCKBGN(ACQ):252
LOCKBGN(RLS):252
LOCKEND(RLS):252
LOCKEND(ACQ):252
LOCKBGN(ACQ):263
LOCKEND(ACQ):263
LOCKBGN(RLS):252
LOCKEND(RLS):252
LOCKBGN(RLS):263
LOCKEND(RLS):263
LOCKBGN(ACQ):264
LOCKEND(ACQ):264
LOCKBGN(RLS):264
LOCKEND(RLS):264
LOCKBGN(ACQ):252
LOCKEND(ACQ):252
LOCKBGN(RLS):252
LOCKEND(RLS):252
LOCKBGN(ACQ):265
LOCKEND(ACQ):265
LOCKBGN(RLS):265
LOCKEND(RLS):265
LOCKBGN(ACQ):252
LOCKEND(ACQ):252
LOCKBGN(RLS):252
LOCKEND(RLS):252
LOCKBGN(ACQ):266
LOCKEND(ACQ):266
LOCKBGN(RLS):266
LOCKEND(RLS):266
LOCKBGN(ACQ):252
LOCKEND(ACQ):252
LOCKBGN(RLS):252
LOCKEND(RLS):252
LOCKBGN(ACQ):267
LOCKEND(ACQ):267
LOCKBGN(RLS):267
LOCKEND(RLS):267
LOCKBGN(ACQ):252
LOCKEND(ACQ):252
LOCKBGN(RLS):252
LOCKEND(RLS):252
LOCKBGN(ACQ):268
LOCKEND(ACQ):268
LOCKBGN(ACQ):252
LOCKEND(ACQ):252
LOCKBGN(RLS):268
LOCKEND(RLS):268
LOCKBGN(RLS):252
LOCKEND(RLS):252
LOCKBGN(ACQ):269
LOCKEND(ACQ):269
LOCKBGN(RLS):269
LOCKEND(RLS):269
LOCKBGN(ACQ):252
LOCKEND(ACQ):252
LOCKBGN(RLS):252
LOCKEND(RLS):252
LOCKBGN(ACQ):270
LOCKEND(ACQ):270
LOCKBGN(ACQ):252
LOCKEND(ACQ):252
LOCKBGN(RLS):270
LOCKEND(RLS):270
LOCKBGN(RLS):252
LOCKEND(RLS):252
LOCKBGN(ACQ):271
LOCKEND(ACQ):271
LOCKBGN(RLS):271
LOCKEND(RLS):271
LOCKBGN(ACQ):252
LOCKEND(ACQ):252
LOCKBGN(RLS):252
LOCKEND(RLS):252
LOCKBGN(ACQ):272
LOCKEND(ACQ):272
LOCKBGN(RLS):272
LOCKEND(RLS):272
LOCKBGN(ACQ):252
LOCKEND(ACQ):252
LOCKBGN(RLS):252
LOCKEND(RLS):252
LOCKBGN(ACQ):252
LOCKEND(ACQ):252
LOCKBGN(RLS):252
LOCKEND(RLS):252
LOCKBGN(ACQ):252
LOCKEND(ACQ):252
LOCKBGN(RLS):252
LOCKEND(RLS):252
LOCKBGN(ACQ):252
LOCKEND(ACQ):252
LOCKBGN(RLS):252
LOCKEND(RLS):252
LOCKBGN(ACQ):252
LOCKEND(ACQ):252
LOCKBGN(RLS):252
LOCKEND(RLS):252
LOCKBGN(ACQ):252
LOCKEND(ACQ):252
LOCKBGN(RLS):252
LOCKEND(RLS):252
LOCKBGN(ACQ):252
LOCKEND(ACQ):252
LOCKBGN(RLS):252
LOCKEND(RLS):252
LOCKBGN(ACQ):252
LOCKEND(ACQ):252
LOCKBGN(RLS):252
LOCKEND(RLS):252
LOCKBGN(ACQ):252
LOCKEND(ACQ):252
LOCKBGN(RLS):252
LOCKEND(RLS):252
LOCKBGN(ACQ):252
LOCKEND(ACQ):252
LOCKBGN(RLS):252
LOCKEND(RLS):252
LOCKBGN(ACQ):252
LOCKEND(ACQ):252
LOCKBGN(RLS):252
LOCKEND(RLS):252
LOCKBGN(ACQ):252
LOCKEND(ACQ):252
LOCKBGN(RLS):252
LOCKEND(RLS):252
LOCKBGN(ACQ):252
LOCKEND(ACQ):252
LOCKBGN(RLS):252
LOCKEND(RLS):252
LOCKBGN(ACQ):252
LOCKEND(ACQ):252
LOCKBGN(RLS):252
LOCKEND(RLS):252
LOCKBGN(ACQ):252
LOCKEND(ACQ):252
LOCKBGN(RLS):252
LOCKEND(RLS):252
LOCKBGN(ACQ):252
LOCKEND(ACQ):252
LOCKBGN(RLS):252
LOCKEND(RLS):252
LOCKBGN(ACQ):252
LOCKEND(ACQ):252
LOCKBGN(RLS):252
LOCKEND(RLS):252
LOCKBGN(ACQ):252
LOCKEND(ACQ):252
LOCKBGN(RLS):252
LOCKEND(RLS):252
LOCKBGN(ACQ):252
LOCKEND(ACQ):252
LOCKBGN(RLS):252
LOCKEND(RLS):252
LOCKBGN(ACQ):252
LOCKEND(ACQ):252
LOCKBGN(RLS):252
LOCKEND(RLS):252
LOCKBGN(ACQ):252
LOCKEND(ACQ):252
LOCKBGN(RLS):252
LOCKEND(RLS):252
LOCKBGN(ACQ):253
LOCKEND(ACQ):253
LOCKBGN(RLS):253
LOCKEND(RLS):253
LOCKBGN(ACQ):253
LOCKEND(ACQ):253
LOCKBGN(RLS):253
LOCKEND(RLS):253
LOCKBGN(ACQ):252
LOCKEND(ACQ):252
LOCKBGN(RLS):252
LOCKEND(RLS):252
LOCKBGN(ACQ):254
LOCKEND(ACQ):254
LOCKBGN(RLS):254
LOCKEND(RLS):254
LOCKBGN(ACQ):254
LOCKEND(ACQ):254
LOCKBGN(RLS):254
LOCKEND(RLS):254
LOCKBGN(ACQ):252
LOCKEND(ACQ):252
LOCKBGN(RLS):252
LOCKEND(RLS):252
LOCKBGN(ACQ):255
LOCKEND(ACQ):255
LOCKBGN(RLS):255
LOCKEND(RLS):255
LOCKBGN(ACQ):255
LOCKEND(ACQ):255
LOCKBGN(RLS):255
LOCKEND(RLS):255
LOCKBGN(ACQ):252
LOCKEND(ACQ):252
LOCKBGN(ACQ):252
LOCKBGN(RLS):252
LOCKEND(RLS):252
LOCKEND(ACQ):252
LOCKBGN(RLS):252
LOCKEND(RLS):252
LOCKBGN(ACQ):256
LOCKEND(ACQ):256
LOCKBGN(RLS):256
LOCKEND(RLS):256
LOCKBGN(ACQ):252
LOCKEND(ACQ):252
LOCKBGN(ACQ):252
LOCKBGN(RLS):252
LOCKEND(RLS):252
LOCKEND(ACQ):252
LOCKBGN(RLS):252
LOCKEND(RLS):252
LOCKBGN(ACQ):257
LOCKEND(ACQ):257
LOCKBGN(RLS):257
LOCKEND(RLS):257
LOCKBGN(ACQ):252
LOCKEND(ACQ):252
LOCKBGN(RLS):252
LOCKEND(RLS):252
LOCKBGN(ACQ):258
LOCKEND(ACQ):258
LOCKBGN(RLS):258
LOCKEND(RLS):258
LOCKBGN(ACQ):252
LOCKEND(ACQ):252
LOCKBGN(ACQ):258
LOCKEND(ACQ):258
LOCKBGN(RLS):252
LOCKEND(RLS):252
LOCKBGN(RLS):258
LOCKEND(RLS):258
LOCKBGN(ACQ):259
LOCKEND(ACQ):259
LOCKBGN(RLS):259
LOCKEND(RLS):259
LOCKBGN(ACQ):259
LOCKEND(ACQ):259
LOCKBGN(RLS):259
LOCKEND(RLS):259
LOCKBGN(ACQ):252
LOCKEND(ACQ):252
LOCKBGN(RLS):252
LOCKEND(RLS):252
LOCKBGN(ACQ):260
LOCKEND(ACQ):260
LOCKBGN(RLS):260
LOCKEND(RLS):260
LOCKBGN(ACQ):260
LOCKEND(ACQ):260
LOCKBGN(RLS):260
LOCKEND(RLS):260
LOCKBGN(ACQ):252
LOCKEND(ACQ):252
LOCKBGN(RLS):252
LOCKEND(RLS):252
LOCKBGN(ACQ):261
LOCKEND(ACQ):261
LOCKBGN(RLS):261
LOCKEND(RLS):261
LOCKBGN(ACQ):261
LOCKEND(ACQ):261
LOCKBGN(RLS):261
LOCKEND(RLS):261
LOCKBGN(ACQ):252
LOCKEND(ACQ):252
LOCKBGN(RLS):252
LOCKEND(RLS):252
LOCKBGN(ACQ):262
LOCKEND(ACQ):262
LOCKBGN(RLS):262
LOCKEND(RLS):262
LOCKBGN(ACQ):262
LOCKEND(ACQ):262
LOCKBGN(RLS):262
LOCKEND(RLS):262
LOCKBGN(ACQ):252
LOCKEND(ACQ):252
LOCKBGN(RLS):252
LOCKEND(RLS):252
LOCKBGN(ACQ):252
LOCKEND(ACQ):252
LOCKBGN(RLS):252
LOCKEND(RLS):252
LOCKBGN(ACQ):252
LOCKEND(ACQ):252
LOCKBGN(RLS):252
LOCKEND(RLS):252
LOCKBGN(ACQ):252
LOCKEND(ACQ):252
LOCKBGN(RLS):252
LOCKEND(RLS):252
LOCKBGN(ACQ):252
LOCKEND(ACQ):252
LOCKBGN(RLS):252
LOCKEND(RLS):252
LOCKBGN(ACQ):252
LOCKEND(ACQ):252
LOCKBGN(RLS):252
LOCKEND(RLS):252
LOCKBGN(ACQ):252
LOCKEND(ACQ):252
LOCKBGN(RLS):252
LOCKEND(RLS):252
LOCKBGN(ACQ):252
LOCKEND(ACQ):252
LOCKBGN(RLS):252
LOCKEND(RLS):252
LOCKBGN(ACQ):252
LOCKEND(ACQ):252
LOCKBGN(RLS):252
LOCKEND(RLS):252
LOCKBGN(ACQ):252
LOCKEND(ACQ):252
LOCKBGN(RLS):252
LOCKEND(RLS):252
LOCKBGN(ACQ):252
LOCKEND(ACQ):252
LOCKBGN(RLS):252
LOCKEND(RLS):252
LOCKBGN(ACQ):253
LOCKEND(ACQ):253
LOCKBGN(RLS):253
LOCKEND(RLS):253
LOCKBGN(ACQ):252
LOCKEND(ACQ):252
LOCKBGN(RLS):252
LOCKEND(RLS):252
LOCKBGN(ACQ):254
LOCKEND(ACQ):254
LOCKBGN(RLS):254
LOCKEND(RLS):254
LOCKBGN(ACQ):252
LOCKEND(ACQ):252
LOCKBGN(RLS):252
LOCKEND(RLS):252
LOCKBGN(ACQ):255
LOCKEND(ACQ):255
LOCKBGN(RLS):255
LOCKEND(RLS):255
LOCKBGN(ACQ):252
LOCKEND(ACQ):252
LOCKBGN(RLS):252
LOCKEND(RLS):252
LOCKBGN(ACQ):256
LOCKEND(ACQ):256
LOCKBGN(RLS):256
LOCKEND(RLS):256
LOCKBGN(ACQ):252
LOCKEND(ACQ):252
LOCKBGN(RLS):252
LOCKEND(RLS):252
LOCKBGN(ACQ):257
LOCKEND(ACQ):257
LOCKBGN(RLS):257
LOCKEND(RLS):257
LOCKBGN(ACQ):252
LOCKEND(ACQ):252
LOCKBGN(RLS):252
LOCKEND(RLS):252
LOCKBGN(ACQ):258
LOCKEND(ACQ):258
LOCKBGN(RLS):258
LOCKEND(RLS):258
LOCKBGN(ACQ):252
LOCKEND(ACQ):252
LOCKBGN(RLS):252
LOCKEND(RLS):252
LOCKBGN(ACQ):259
LOCKEND(ACQ):259
LOCKBGN(RLS):259
LOCKEND(RLS):259
LOCKBGN(ACQ):252
LOCKEND(ACQ):252
LOCKBGN(RLS):252
LOCKEND(RLS):252
LOCKBGN(ACQ):260
LOCKEND(ACQ):260
LOCKBGN(RLS):260
LOCKEND(RLS):260
LOCKBGN(ACQ):252
LOCKEND(ACQ):252
LOCKBGN(RLS):252
LOCKEND(RLS):252
LOCKBGN(ACQ):261
LOCKEND(ACQ):261
LOCKBGN(RLS):261
LOCKEND(RLS):261
LOCKBGN(ACQ):252
LOCKEND(ACQ):252
LOCKBGN(RLS):252
LOCKEND(RLS):252
LOCKBGN(ACQ):262
LOCKEND(ACQ):262
LOCKBGN(RLS):262
LOCKEND(RLS):262
LOCKBGN(ACQ):252
LOCKEND(ACQ):252
LOCKBGN(ACQ):252
LOCKBGN(RLS):252
LOCKEND(RLS):252
LOCKEND(ACQ):252
LOCKBGN(ACQ):263
LOCKEND(ACQ):263
LOCKBGN(RLS):252
LOCKEND(RLS):252
LOCKBGN(RLS):263
LOCKEND(RLS):263
LOCKBGN(ACQ):252
LOCKEND(ACQ):252
LOCKBGN(RLS):252
LOCKEND(RLS):252
LOCKBGN(ACQ):252
LOCKEND(ACQ):252
LOCKBGN(ACQ):253
LOCKEND(ACQ):253
LOCKBGN(RLS):253
LOCKEND(RLS):253
LOCKBGN(RLS):252
LOCKEND(RLS):252
LOCKBGN(ACQ):252
LOCKEND(ACQ):252
LOCKBGN(RLS):252
LOCKEND(RLS):252
LOCKBGN(ACQ):252
LOCKEND(ACQ):252
LOCKBGN(ACQ):254
LOCKEND(ACQ):254
LOCKBGN(RLS):254
LOCKEND(RLS):254
LOCKBGN(RLS):252
LOCKEND(RLS):252
LOCKBGN(ACQ):252
LOCKEND(ACQ):252
LOCKBGN(RLS):252
LOCKEND(RLS):252
LOCKBGN(ACQ):255
LOCKEND(ACQ):255
LOCKBGN(ACQ):252
LOCKEND(ACQ):252
LOCKBGN(RLS):255
LOCKEND(RLS):255
LOCKBGN(RLS):252
LOCKEND(RLS):252
LOCKBGN(ACQ):252
LOCKEND(ACQ):252
LOCKBGN(RLS):252
LOCKEND(RLS):252
LOCKBGN(ACQ):256
LOCKEND(ACQ):256
LOCKBGN(ACQ):252
LOCKEND(ACQ):252
LOCKBGN(RLS):256
LOCKEND(RLS):256
LOCKBGN(RLS):252
LOCKEND(RLS):252
LOCKBGN(ACQ):252
LOCKEND(ACQ):252
LOCKBGN(RLS):252
LOCKEND(RLS):252
LOCKBGN(ACQ):257
LOCKEND(ACQ):257
LOCKBGN(RLS):257
LOCKEND(RLS):257
LOCKBGN(ACQ):252
LOCKEND(ACQ):252
LOCKBGN(RLS):252
LOCKEND(RLS):252
LOCKBGN(ACQ):264
LOCKEND(ACQ):264
LOCKBGN(RLS):264
LOCKEND(RLS):264
LOCKBGN(ACQ):252
LOCKEND(ACQ):252
LOCKBGN(RLS):252
LOCKEND(RLS):252
LOCKBGN(ACQ):265
LOCKEND(ACQ):265
LOCKBGN(RLS):265
LOCKEND(RLS):265
LOCKBGN(ACQ):252
LOCKEND(ACQ):252
LOCKBGN(RLS):252
LOCKEND(RLS):252
LOCKBGN(ACQ):266
LOCKEND(ACQ):266
LOCKBGN(RLS):266
LOCKEND(RLS):266
LOCKBGN(ACQ):252
LOCKEND(ACQ):252
LOCKBGN(RLS):252
LOCKEND(RLS):252
LOCKBGN(ACQ):267
LOCKEND(ACQ):267
LOCKBGN(RLS):267
LOCKEND(RLS):267
LOCKBGN(ACQ):252
LOCKEND(ACQ):252
LOCKBGN(RLS):252
LOCKEND(RLS):252
LOCKBGN(ACQ):252
LOCKEND(ACQ):252
LOCKBGN(RLS):252
LOCKEND(RLS):252
LOCKBGN(ACQ):252
LOCKEND(ACQ):252
LOCKBGN(RLS):252
LOCKEND(RLS):252
LOCKBGN(ACQ):252
LOCKEND(ACQ):252
LOCKBGN(RLS):252
LOCKEND(RLS):252
LOCKBGN(ACQ):252
LOCKEND(ACQ):252
LOCKBGN(RLS):252
LOCKEND(RLS):252
LOCKBGN(ACQ):252
LOCKEND(ACQ):252
LOCKBGN(RLS):252
LOCKEND(RLS):252
LOCKBGN(ACQ):252
LOCKEND(ACQ):252
LOCKBGN(RLS):252
LOCKEND(RLS):252
LOCKBGN(ACQ):252
LOCKEND(ACQ):252
LOCKBGN(RLS):252
LOCKEND(RLS):252
LOCKBGN(ACQ):252
LOCKEND(ACQ):252
LOCKBGN(RLS):252
LOCKEND(RLS):252
LOCKBGN(ACQ):252
LOCKEND(ACQ):252
LOCKBGN(RLS):252
LOCKEND(RLS):252
LOCKBGN(ACQ):252
LOCKEND(ACQ):252
LOCKBGN(RLS):252
LOCKEND(RLS):252
LOCKBGN(ACQ):252
LOCKEND(ACQ):252
LOCKBGN(RLS):252
LOCKEND(RLS):252
LOCKBGN(ACQ):252
LOCKEND(ACQ):252
LOCKBGN(RLS):252
LOCKEND(RLS):252
LOCKBGN(ACQ):252
LOCKEND(ACQ):252
LOCKBGN(RLS):252
LOCKEND(RLS):252
LOCKBGN(ACQ):252
LOCKEND(ACQ):252
LOCKBGN(RLS):252
LOCKEND(RLS):252
LOCKBGN(ACQ):252
LOCKEND(ACQ):252
LOCKBGN(RLS):252
LOCKEND(RLS):252
LOCKBGN(ACQ):253
LOCKEND(ACQ):253
LOCKBGN(RLS):253
LOCKEND(RLS):253
LOCKBGN(ACQ):252
LOCKEND(ACQ):252
LOCKBGN(RLS):252
LOCKEND(RLS):252
LOCKBGN(ACQ):253
LOCKEND(ACQ):253
LOCKBGN(RLS):253
LOCKEND(RLS):253
LOCKBGN(ACQ):254
LOCKEND(ACQ):254
LOCKBGN(RLS):254
LOCKEND(RLS):254
LOCKBGN(ACQ):252
LOCKEND(ACQ):252
LOCKBGN(RLS):252
LOCKEND(RLS):252
LOCKBGN(ACQ):254
LOCKEND(ACQ):254
LOCKBGN(RLS):254
LOCKEND(RLS):254
LOCKBGN(ACQ):255
LOCKEND(ACQ):255
LOCKBGN(RLS):255
LOCKEND(RLS):255
LOCKBGN(ACQ):255
LOCKEND(ACQ):255
LOCKBGN(RLS):255
LOCKEND(RLS):255
LOCKBGN(ACQ):252
LOCKEND(ACQ):252
LOCKBGN(RLS):252
LOCKEND(RLS):252
LOCKBGN(ACQ):256
LOCKEND(ACQ):256
LOCKBGN(RLS):256
LOCKEND(RLS):256
LOCKBGN(ACQ):256
LOCKEND(ACQ):256
LOCKBGN(RLS):256
LOCKEND(RLS):256
LOCKBGN(ACQ):252
LOCKEND(ACQ):252
LOCKBGN(RLS):252
LOCKEND(RLS):252
LOCKBGN(ACQ):257
LOCKEND(ACQ):257
LOCKBGN(RLS):257
LOCKEND(RLS):257
LOCKBGN(ACQ):252
LOCKEND(ACQ):252
LOCKBGN(RLS):252
LOCKEND(RLS):252
LOCKBGN(ACQ):257
LOCKEND(ACQ):257
LOCKBGN(RLS):257
LOCKEND(RLS):257
LOCKBGN(ACQ):258
LOCKEND(ACQ):258
LOCKBGN(RLS):258
LOCKEND(RLS):258
LOCKBGN(ACQ):252
LOCKEND(ACQ):252
LOCKBGN(RLS):252
LOCKEND(RLS):252
LOCKBGN(ACQ):258
LOCKEND(ACQ):258
LOCKBGN(RLS):258
LOCKEND(RLS):258
LOCKBGN(ACQ):259
LOCKEND(ACQ):259
LOCKBGN(RLS):259
LOCKEND(RLS):259
LOCKBGN(ACQ):252
LOCKEND(ACQ):252
LOCKBGN(RLS):252
LOCKEND(RLS):252
LOCKBGN(ACQ):259
LOCKEND(ACQ):259
LOCKBGN(RLS):259
LOCKEND(RLS):259
LOCKBGN(ACQ):260
LOCKEND(ACQ):260
LOCKBGN(RLS):260
LOCKEND(RLS):260
LOCKBGN(ACQ):252
LOCKEND(ACQ):252
LOCKBGN(RLS):252
LOCKEND(RLS):252
LOCKBGN(ACQ):260
LOCKEND(ACQ):260
LOCKBGN(RLS):260
LOCKEND(RLS):260
LOCKBGN(ACQ):261
LOCKEND(ACQ):261
LOCKBGN(RLS):261
LOCKEND(RLS):261
LOCKBGN(ACQ):252
LOCKEND(ACQ):252
LOCKBGN(RLS):252
LOCKEND(RLS):252
LOCKBGN(ACQ):261
LOCKEND(ACQ):261
LOCKBGN(RLS):261
LOCKEND(RLS):261
LOCKBGN(ACQ):262
LOCKEND(ACQ):262
LOCKBGN(RLS):262
LOCKEND(RLS):262
LOCKBGN(ACQ):262
LOCKEND(ACQ):262
LOCKBGN(RLS):262
LOCKEND(RLS):262
LOCKBGN(ACQ):252
LOCKEND(ACQ):252
LOCKBGN(RLS):252
LOCKEND(RLS):252
LOCKBGN(ACQ):252
LOCKEND(ACQ):252
LOCKBGN(RLS):252
LOCKEND(RLS):252
LOCKBGN(ACQ):252
LOCKEND(ACQ):252
LOCKBGN(RLS):252
LOCKEND(RLS):252
LOCKBGN(ACQ):252
LOCKEND(ACQ):252
LOCKBGN(RLS):252
LOCKEND(RLS):252
LOCKBGN(ACQ):252
LOCKEND(ACQ):252
LOCKBGN(RLS):252
LOCKEND(RLS):252
LOCKBGN(ACQ):252
LOCKEND(ACQ):252
LOCKBGN(RLS):252
LOCKEND(RLS):252
LOCKBGN(ACQ):252
LOCKEND(ACQ):252
LOCKBGN(RLS):252
LOCKEND(RLS):252
LOCKBGN(ACQ):252
LOCKEND(ACQ):252
LOCKBGN(RLS):252
LOCKEND(RLS):252
LOCKBGN(ACQ):252
LOCKEND(ACQ):252
LOCKBGN(RLS):252
LOCKEND(RLS):252
LOCKBGN(ACQ):252
LOCKEND(ACQ):252
LOCKBGN(RLS):252
LOCKEND(RLS):252
LOCKBGN(ACQ):252
LOCKEND(ACQ):252
LOCKBGN(RLS):252
LOCKEND(RLS):252
LOCKBGN(ACQ):253
LOCKEND(ACQ):253
LOCKBGN(RLS):253
LOCKEND(RLS):253
LOCKBGN(ACQ):253
LOCKEND(ACQ):253
LOCKBGN(RLS):253
LOCKEND(RLS):253
LOCKBGN(ACQ):253
LOCKEND(ACQ):253
LOCKBGN(RLS):253
LOCKEND(RLS):253
LOCKBGN(ACQ):253
LOCKEND(ACQ):253
LOCKBGN(RLS):253
LOCKEND(RLS):253
LOCKBGN(ACQ):253
LOCKEND(ACQ):253
LOCKBGN(RLS):253
LOCKEND(RLS):253
LOCKBGN(ACQ):253
LOCKEND(ACQ):253
LOCKBGN(RLS):253
LOCKEND(RLS):253
LOCKBGN(ACQ):253
LOCKEND(ACQ):253
LOCKBGN(RLS):253
LOCKEND(RLS):253
LOCKBGN(ACQ):253
LOCKEND(ACQ):253
LOCKBGN(RLS):253
LOCKEND(RLS):253
LOCKBGN(ACQ):253
LOCKEND(ACQ):253
LOCKBGN(RLS):253
LOCKEND(RLS):253
LOCKBGN(ACQ):253
LOCKEND(ACQ):253
LOCKBGN(RLS):253
LOCKEND(RLS):253
LOCKBGN(ACQ):253
LOCKEND(ACQ):253
LOCKBGN(RLS):253
LOCKEND(RLS):253
LOCKBGN(ACQ):253
LOCKEND(ACQ):253
LOCKBGN(RLS):253
LOCKEND(RLS):253
LOCKBGN(ACQ):253
LOCKEND(ACQ):253
LOCKBGN(RLS):253
LOCKEND(RLS):253
LOCKBGN(ACQ):253
LOCKEND(ACQ):253
LOCKBGN(RLS):253
LOCKEND(RLS):253
LOCKBGN(ACQ):253
LOCKEND(ACQ):253
LOCKBGN(RLS):253
LOCKEND(RLS):253
LOCKBGN(ACQ):253
LOCKEND(ACQ):253
LOCKBGN(RLS):253
LOCKEND(RLS):253
LOCKBGN(ACQ):253
LOCKEND(ACQ):253
LOCKBGN(ACQ):253
LOCKBGN(RLS):253
LOCKEND(RLS):253
LOCKEND(ACQ):253
LOCKBGN(ACQ):253
LOCKBGN(RLS):253
LOCKEND(RLS):253
LOCKEND(ACQ):253
LOCKBGN(ACQ):253
LOCKBGN(RLS):253
LOCKEND(RLS):253
LOCKEND(ACQ):253
LOCKBGN(ACQ):253
LOCKBGN(RLS):253
LOCKEND(RLS):253
LOCKEND(ACQ):253
LOCKBGN(ACQ):253
LOCKBGN(RLS):253
LOCKEND(RLS):253
LOCKEND(ACQ):253
LOCKBGN(ACQ):253
LOCKBGN(RLS):253
LOCKEND(RLS):253
LOCKEND(ACQ):253
LOCKBGN(ACQ):253
LOCKBGN(RLS):253
LOCKEND(RLS):253
LOCKEND(ACQ):253
LOCKBGN(ACQ):253
LOCKBGN(RLS):253
LOCKEND(RLS):253
LOCKEND(ACQ):253
LOCKBGN(ACQ):253
LOCKBGN(RLS):253
LOCKEND(RLS):253
LOCKEND(ACQ):253
LOCKBGN(ACQ):253
LOCKBGN(RLS):253
LOCKEND(RLS):253
LOCKEND(ACQ):253
LOCKBGN(ACQ):253
LOCKBGN(RLS):253
LOCKEND(RLS):253
LOCKEND(ACQ):253
LOCKBGN(ACQ):253
LOCKBGN(RLS):253
LOCKEND(RLS):253
LOCKEND(ACQ):253
LOCKBGN(ACQ):253
LOCKBGN(RLS):253
LOCKEND(RLS):253
LOCKEND(ACQ):253
LOCKBGN(ACQ):253
LOCKBGN(RLS):253
LOCKEND(RLS):253
LOCKEND(ACQ):253
LOCKBGN(ACQ):253
LOCKBGN(RLS):253
LOCKEND(RLS):253
LOCKEND(ACQ):253
LOCKBGN(ACQ):253
LOCKBGN(RLS):253
LOCKEND(RLS):253
LOCKEND(ACQ):253
LOCKBGN(ACQ):253
LOCKBGN(RLS):253
LOCKEND(RLS):253
LOCKEND(ACQ):253
LOCKBGN(ACQ):253
LOCKBGN(RLS):253
LOCKEND(RLS):253
LOCKEND(ACQ):253
LOCKBGN(ACQ):253
LOCKBGN(RLS):253
LOCKEND(RLS):253
LOCKEND(ACQ):253
LOCKBGN(ACQ):253
LOCKBGN(RLS):253
LOCKEND(RLS):253
LOCKEND(ACQ):253
LOCKBGN(ACQ):253
LOCKBGN(RLS):253
LOCKEND(RLS):253
LOCKEND(ACQ):253
LOCKBGN(ACQ):253
LOCKBGN(RLS):253
LOCKEND(RLS):253
LOCKEND(ACQ):253
LOCKBGN(ACQ):253
LOCKBGN(RLS):253
LOCKEND(RLS):253
LOCKEND(ACQ):253
LOCKBGN(ACQ):253
LOCKBGN(RLS):253
LOCKEND(RLS):253
LOCKEND(ACQ):253
LOCKBGN(ACQ):253
LOCKBGN(RLS):253
LOCKEND(RLS):253
LOCKEND(ACQ):253
LOCKBGN(ACQ):253
LOCKBGN(RLS):253
LOCKEND(RLS):253
LOCKEND(ACQ):253
LOCKBGN(ACQ):253
LOCKBGN(RLS):253
LOCKEND(RLS):253
LOCKEND(ACQ):253
LOCKBGN(ACQ):253
LOCKBGN(RLS):253
LOCKEND(RLS):253
LOCKEND(ACQ):253
LOCKBGN(ACQ):253
LOCKBGN(RLS):253
LOCKEND(RLS):253
LOCKEND(ACQ):253
LOCKBGN(ACQ):253
LOCKBGN(RLS):253
LOCKEND(RLS):253
LOCKEND(ACQ):253
LOCKBGN(ACQ):253
LOCKBGN(RLS):253
LOCKEND(RLS):253
LOCKEND(ACQ):253
LOCKBGN(ACQ):253
LOCKBGN(RLS):253
LOCKEND(RLS):253
LOCKEND(ACQ):253
LOCKBGN(ACQ):253
LOCKBGN(RLS):253
LOCKEND(RLS):253
LOCKEND(ACQ):253
LOCKBGN(ACQ):253
LOCKBGN(RLS):253
LOCKEND(RLS):253
LOCKEND(ACQ):253
LOCKBGN(ACQ):253
LOCKBGN(RLS):253
LOCKEND(RLS):253
LOCKEND(ACQ):253
LOCKBGN(ACQ):253
LOCKBGN(RLS):253
LOCKEND(RLS):253
LOCKEND(ACQ):253
LOCKBGN(ACQ):253
LOCKBGN(RLS):253
LOCKEND(RLS):253
LOCKEND(ACQ):253
LOCKBGN(ACQ):253
LOCKBGN(RLS):253
LOCKEND(RLS):253
LOCKEND(ACQ):253
LOCKBGN(ACQ):253
LOCKBGN(RLS):253
LOCKEND(RLS):253
LOCKEND(ACQ):253
LOCKBGN(ACQ):253
LOCKBGN(RLS):253
LOCKEND(RLS):253
LOCKEND(ACQ):253
LOCKBGN(ACQ):253
LOCKBGN(RLS):253
LOCKEND(RLS):253
LOCKEND(ACQ):253
LOCKBGN(ACQ):253
LOCKBGN(RLS):253
LOCKEND(RLS):253
LOCKEND(ACQ):253
LOCKBGN(ACQ):253
LOCKBGN(RLS):253
LOCKEND(RLS):253
LOCKEND(ACQ):253
LOCKBGN(ACQ):253
LOCKBGN(RLS):253
LOCKEND(RLS):253
LOCKEND(ACQ):253
LOCKBGN(ACQ):253
LOCKBGN(RLS):253
LOCKEND(RLS):253
LOCKEND(ACQ):253
LOCKBGN(ACQ):253
LOCKBGN(RLS):253
LOCKEND(RLS):253
LOCKEND(ACQ):253
LOCKBGN(ACQ):253
LOCKBGN(RLS):253
LOCKEND(RLS):253
LOCKEND(ACQ):253
LOCKBGN(ACQ):253
LOCKBGN(RLS):253
LOCKEND(RLS):253
LOCKEND(ACQ):253
LOCKBGN(ACQ):253
LOCKBGN(RLS):253
LOCKEND(RLS):253
LOCKEND(ACQ):253
LOCKBGN(ACQ):253
LOCKBGN(RLS):253
LOCKEND(RLS):253
LOCKEND(ACQ):253
LOCKBGN(ACQ):253
LOCKBGN(RLS):253
LOCKEND(RLS):253
LOCKEND(ACQ):253
LOCKBGN(ACQ):253
LOCKBGN(RLS):253
LOCKEND(RLS):253
LOCKEND(ACQ):253
LOCKBGN(ACQ):253
LOCKBGN(RLS):253
LOCKEND(RLS):253
LOCKEND(ACQ):253
LOCKBGN(ACQ):253
LOCKBGN(RLS):253
LOCKEND(RLS):253
LOCKEND(ACQ):253
LOCKBGN(ACQ):253
LOCKBGN(RLS):253
LOCKEND(RLS):253
LOCKEND(ACQ):253
LOCKBGN(ACQ):253
LOCKBGN(RLS):253
LOCKEND(RLS):253
LOCKEND(ACQ):253
LOCKBGN(ACQ):253
LOCKBGN(RLS):253
LOCKEND(RLS):253
LOCKEND(ACQ):253
LOCKBGN(ACQ):253
LOCKBGN(RLS):253
LOCKEND(RLS):253
LOCKEND(ACQ):253
LOCKBGN(ACQ):253
LOCKBGN(RLS):253
LOCKEND(RLS):253
LOCKEND(ACQ):253
LOCKBGN(ACQ):253
LOCKBGN(RLS):253
LOCKEND(RLS):253
LOCKEND(ACQ):253
LOCKBGN(ACQ):253
LOCKBGN(RLS):253
LOCKEND(RLS):253
LOCKEND(ACQ):253
LOCKBGN(ACQ):253
LOCKBGN(RLS):253
LOCKEND(RLS):253
LOCKEND(ACQ):253
LOCKBGN(ACQ):253
LOCKBGN(RLS):253
LOCKEND(RLS):253
LOCKEND(ACQ):253
LOCKBGN(ACQ):253
LOCKBGN(RLS):253
LOCKEND(RLS):253
LOCKEND(ACQ):253
LOCKBGN(ACQ):253
LOCKBGN(RLS):253
LOCKEND(RLS):253
LOCKEND(ACQ):253
LOCKBGN(ACQ):253
LOCKBGN(RLS):253
LOCKEND(RLS):253
LOCKEND(ACQ):253
LOCKBGN(ACQ):253
LOCKBGN(RLS):253
LOCKEND(RLS):253
LOCKEND(ACQ):253
LOCKBGN(ACQ):253
LOCKBGN(RLS):253
LOCKEND(RLS):253
LOCKEND(ACQ):253
LOCKBGN(ACQ):253
LOCKBGN(RLS):253
LOCKEND(RLS):253
LOCKEND(ACQ):253
LOCKBGN(ACQ):253
LOCKBGN(RLS):253
LOCKEND(RLS):253
LOCKEND(ACQ):253
LOCKBGN(ACQ):253
LOCKBGN(RLS):253
LOCKEND(RLS):253
LOCKEND(ACQ):253
LOCKBGN(ACQ):253
LOCKBGN(RLS):253
LOCKEND(RLS):253
LOCKEND(ACQ):253
LOCKBGN(ACQ):253
LOCKBGN(RLS):253
LOCKEND(RLS):253
LOCKEND(ACQ):253
LOCKBGN(ACQ):253
LOCKBGN(RLS):253
LOCKEND(RLS):253
LOCKEND(ACQ):253
LOCKBGN(ACQ):253
LOCKBGN(RLS):253
LOCKEND(RLS):253
LOCKEND(ACQ):253
LOCKBGN(ACQ):253
LOCKBGN(RLS):253
LOCKEND(RLS):253
LOCKEND(ACQ):253
LOCKBGN(ACQ):253
LOCKBGN(RLS):253
LOCKEND(RLS):253
LOCKEND(ACQ):253
LOCKBGN(ACQ):253
LOCKBGN(RLS):253
LOCKEND(RLS):253
LOCKEND(ACQ):253
LOCKBGN(ACQ):253
LOCKBGN(RLS):253
LOCKEND(RLS):253
LOCKEND(ACQ):253
LOCKBGN(ACQ):253
LOCKBGN(RLS):253
LOCKEND(RLS):253
LOCKEND(ACQ):253
LOCKBGN(ACQ):253
LOCKBGN(RLS):253
LOCKEND(RLS):253
LOCKEND(ACQ):253
LOCKBGN(ACQ):253
LOCKBGN(RLS):253
LOCKEND(RLS):253
LOCKEND(ACQ):253
LOCKBGN(ACQ):253
LOCKBGN(RLS):253
LOCKEND(RLS):253
LOCKEND(ACQ):253
LOCKBGN(ACQ):253
LOCKBGN(RLS):253
LOCKEND(RLS):253
LOCKEND(ACQ):253
LOCKBGN(ACQ):253
LOCKBGN(RLS):253
LOCKEND(RLS):253
LOCKEND(ACQ):253
LOCKBGN(ACQ):253
LOCKBGN(RLS):253
LOCKEND(RLS):253
LOCKEND(ACQ):253
LOCKBGN(ACQ):253
LOCKBGN(RLS):253
LOCKEND(RLS):253
LOCKEND(ACQ):253
LOCKBGN(ACQ):253
LOCKBGN(RLS):253
LOCKEND(RLS):253
LOCKEND(ACQ):253
LOCKBGN(ACQ):253
LOCKBGN(RLS):253
LOCKEND(RLS):253
LOCKEND(ACQ):253
LOCKBGN(ACQ):253
LOCKBGN(RLS):253
LOCKEND(RLS):253
LOCKEND(ACQ):253
LOCKBGN(ACQ):253
LOCKBGN(RLS):253
LOCKEND(RLS):253
LOCKEND(ACQ):253
LOCKBGN(ACQ):253
LOCKBGN(RLS):253
LOCKEND(RLS):253
LOCKEND(ACQ):253
LOCKBGN(ACQ):253
LOCKBGN(RLS):253
LOCKEND(RLS):253
LOCKEND(ACQ):253
LOCKBGN(ACQ):253
LOCKBGN(RLS):253
LOCKEND(RLS):253
LOCKEND(ACQ):253
LOCKBGN(ACQ):253
LOCKBGN(RLS):253
LOCKEND(RLS):253
LOCKEND(ACQ):253
LOCKBGN(ACQ):253
LOCKBGN(RLS):253
LOCKEND(RLS):253
LOCKEND(ACQ):253
LOCKBGN(ACQ):253
LOCKBGN(RLS):253
LOCKEND(RLS):253
LOCKEND(ACQ):253
LOCKBGN(ACQ):253
LOCKBGN(RLS):253
LOCKEND(RLS):253
LOCKEND(ACQ):253
LOCKBGN(ACQ):253
LOCKBGN(RLS):253
LOCKEND(RLS):253
LOCKEND(ACQ):253
LOCKBGN(ACQ):253
LOCKBGN(RLS):253
LOCKEND(RLS):253
LOCKEND(ACQ):253
LOCKBGN(ACQ):253
LOCKBGN(RLS):253
LOCKEND(RLS):253
LOCKEND(ACQ):253
LOCKBGN(ACQ):253
LOCKBGN(RLS):253
LOCKEND(RLS):253
LOCKEND(ACQ):253
LOCKBGN(ACQ):253
LOCKBGN(RLS):253
LOCKEND(RLS):253
LOCKEND(ACQ):253
LOCKBGN(ACQ):253
LOCKBGN(RLS):253
LOCKEND(RLS):253
LOCKEND(ACQ):253
LOCKBGN(ACQ):253
LOCKBGN(RLS):253
LOCKEND(RLS):253
LOCKEND(ACQ):253
LOCKBGN(ACQ):253
LOCKBGN(RLS):253
LOCKEND(RLS):253
LOCKEND(ACQ):253
LOCKBGN(ACQ):253
LOCKBGN(RLS):253
LOCKEND(RLS):253
LOCKEND(ACQ):253
LOCKBGN(ACQ):253
LOCKBGN(RLS):253
LOCKEND(RLS):253
LOCKEND(ACQ):253
LOCKBGN(ACQ):253
LOCKBGN(RLS):253
LOCKEND(RLS):253
LOCKEND(ACQ):253
LOCKBGN(ACQ):253
LOCKBGN(RLS):253
LOCKEND(RLS):253
LOCKEND(ACQ):253
LOCKBGN(ACQ):253
LOCKBGN(RLS):253
LOCKEND(RLS):253
LOCKEND(ACQ):253
LOCKBGN(ACQ):253
LOCKBGN(RLS):253
LOCKEND(RLS):253
LOCKEND(ACQ):253
LOCKBGN(ACQ):253
LOCKBGN(RLS):253
LOCKEND(RLS):253
LOCKEND(ACQ):253
LOCKBGN(ACQ):253
LOCKBGN(RLS):253
LOCKEND(RLS):253
LOCKEND(ACQ):253
LOCKBGN(ACQ):253
LOCKBGN(RLS):253
LOCKEND(RLS):253
LOCKEND(ACQ):253
LOCKBGN(ACQ):253
LOCKBGN(RLS):253
LOCKEND(RLS):253
LOCKEND(ACQ):253
LOCKBGN(ACQ):253
LOCKBGN(RLS):253
LOCKEND(RLS):253
LOCKEND(ACQ):253
LOCKBGN(ACQ):253
LOCKBGN(RLS):253
LOCKEND(RLS):253
LOCKEND(ACQ):253
LOCKBGN(ACQ):253
LOCKBGN(RLS):253
LOCKEND(RLS):253
LOCKEND(ACQ):253
LOCKBGN(ACQ):253
LOCKBGN(RLS):253
LOCKEND(RLS):253
LOCKEND(ACQ):253
LOCKBGN(ACQ):253
LOCKBGN(RLS):253
LOCKEND(RLS):253
LOCKEND(ACQ):253
LOCKBGN(ACQ):253
LOCKBGN(RLS):253
LOCKEND(RLS):253
LOCKEND(ACQ):253
LOCKBGN(ACQ):253
LOCKBGN(RLS):253
LOCKEND(RLS):253
LOCKEND(ACQ):253
LOCKBGN(ACQ):253
LOCKBGN(RLS):253
LOCKEND(RLS):253
LOCKEND(ACQ):253
LOCKBGN(ACQ):253
LOCKBGN(RLS):253
LOCKEND(RLS):253
LOCKEND(ACQ):253
LOCKBGN(ACQ):253
LOCKBGN(RLS):253
LOCKEND(RLS):253
LOCKEND(ACQ):253
LOCKBGN(ACQ):253
LOCKBGN(RLS):253
LOCKEND(RLS):253
LOCKEND(ACQ):253
LOCKBGN(RLS):253
LOCKEND(RLS):253
LOCKBGN(ACQ):1
LOCKEND(ACQ):1
LOCKBGN(RLS):1
LOCKEND(RLS):1
LOCKBGN(ACQ):1
LOCKEND(ACQ):1
LOCKBGN(RLS):1
LOCKEND(RLS):1
LOCKBGN(ACQ):255
LOCKEND(ACQ):255
LOCKBGN(RLS):255
LOCKEND(RLS):255
LOCKBGN(ACQ):254
LOCKEND(ACQ):254
LOCKBGN(ACQ):256
LOCKEND(ACQ):256
LOCKBGN(RLS):256
LOCKEND(RLS):256
LOCKBGN(RLS):254
LOCKEND(RLS):254
LOCKBGN(ACQ):257
LOCKEND(ACQ):257
LOCKBGN(RLS):257
LOCKEND(RLS):257
LOCKBGN(ACQ):255
LOCKEND(ACQ):255
LOCKBGN(RLS):255
LOCKEND(RLS):255
LOCKBGN(ACQ):254
LOCKEND(ACQ):254
LOCKBGN(ACQ):258
LOCKEND(ACQ):258
LOCKBGN(RLS):254
LOCKEND(RLS):254
LOCKBGN(RLS):258
LOCKEND(RLS):258
LOCKBGN(ACQ):259
LOCKEND(ACQ):259
LOCKBGN(RLS):259
LOCKEND(RLS):259
LOCKBGN(ACQ):255
LOCKEND(ACQ):255
LOCKBGN(RLS):255
LOCKEND(RLS):255
LOCKBGN(ACQ):260
LOCKEND(ACQ):260
LOCKBGN(ACQ):254
LOCKEND(ACQ):254
LOCKBGN(RLS):260
LOCKEND(RLS):260
LOCKBGN(RLS):254
LOCKEND(RLS):254
LOCKBGN(ACQ):261
LOCKEND(ACQ):261
LOCKBGN(RLS):261
LOCKEND(RLS):261
LOCKBGN(ACQ):255
LOCKEND(ACQ):255
LOCKBGN(RLS):255
LOCKEND(RLS):255
LOCKBGN(ACQ):262
LOCKEND(ACQ):262
LOCKBGN(RLS):262
LOCKEND(RLS):262
LOCKBGN(ACQ):254
LOCKEND(ACQ):254
LOCKBGN(RLS):254
LOCKEND(RLS):254
LOCKBGN(ACQ):263
LOCKEND(ACQ):263
LOCKBGN(RLS):263
LOCKEND(RLS):263
LOCKBGN(ACQ):255
LOCKEND(ACQ):255
LOCKBGN(RLS):255
LOCKEND(RLS):255
LOCKBGN(ACQ):264
LOCKEND(ACQ):264
LOCKBGN(RLS):264
LOCKEND(RLS):264
LOCKBGN(ACQ):254
LOCKEND(ACQ):254
LOCKBGN(RLS):254
LOCKEND(RLS):254
LOCKBGN(ACQ):265
LOCKEND(ACQ):265
LOCKBGN(RLS):265
LOCKEND(RLS):265
LOCKBGN(ACQ):255
LOCKEND(ACQ):255
LOCKBGN(RLS):255
LOCKEND(RLS):255
LOCKBGN(ACQ):266
LOCKEND(ACQ):266
LOCKBGN(RLS):266
LOCKEND(RLS):266
LOCKBGN(ACQ):254
LOCKEND(ACQ):254
LOCKBGN(RLS):254
LOCKEND(RLS):254
LOCKBGN(ACQ):267
LOCKEND(ACQ):267
LOCKBGN(RLS):267
LOCKEND(RLS):267
LOCKBGN(ACQ):255
LOCKEND(ACQ):255
LOCKBGN(RLS):255
LOCKEND(RLS):255
LOCKBGN(ACQ):268
LOCKEND(ACQ):268
LOCKBGN(RLS):268
LOCKEND(RLS):268
LOCKBGN(ACQ):254
LOCKEND(ACQ):254
LOCKBGN(RLS):254
LOCKEND(RLS):254
LOCKBGN(ACQ):269
LOCKEND(ACQ):269
LOCKBGN(ACQ):255
LOCKEND(ACQ):255
LOCKBGN(RLS):269
LOCKEND(RLS):269
LOCKBGN(RLS):255
LOCKEND(RLS):255
LOCKBGN(ACQ):270
LOCKEND(ACQ):270
LOCKBGN(RLS):270
LOCKEND(RLS):270
LOCKBGN(ACQ):254
LOCKEND(ACQ):254
LOCKBGN(RLS):254
LOCKEND(RLS):254
LOCKBGN(ACQ):271
LOCKEND(ACQ):271
LOCKBGN(ACQ):255
LOCKEND(ACQ):255
LOCKBGN(RLS):271
LOCKEND(RLS):271
LOCKBGN(RLS):255
LOCKEND(RLS):255
LOCKBGN(ACQ):272
LOCKEND(ACQ):272
LOCKBGN(RLS):272
LOCKEND(RLS):272
LOCKBGN(ACQ):254
LOCKEND(ACQ):254
LOCKBGN(ACQ):255
LOCKEND(ACQ):255
LOCKBGN(RLS):254
LOCKEND(RLS):254
LOCKBGN(RLS):255
LOCKEND(RLS):255
LOCKBGN(ACQ):273
LOCKEND(ACQ):273
LOCKBGN(RLS):273
LOCKEND(RLS):273
LOCKBGN(ACQ):274
LOCKEND(ACQ):274
LOCKBGN(RLS):274
LOCKEND(RLS):274
LOCKBGN(ACQ):254
LOCKEND(ACQ):254
LOCKBGN(RLS):254
LOCKEND(RLS):254
LOCKBGN(ACQ):275
LOCKEND(ACQ):275
LOCKBGN(RLS):275
LOCKEND(RLS):275
LOCKBGN(ACQ):255
LOCKEND(ACQ):255
LOCKBGN(ACQ):254
LOCKEND(ACQ):254
LOCKBGN(RLS):255
LOCKEND(RLS):255
LOCKBGN(RLS):254
LOCKEND(RLS):254
LOCKBGN(ACQ):255
LOCKEND(ACQ):255
LOCKBGN(ACQ):254
LOCKEND(ACQ):254
LOCKBGN(RLS):255
LOCKEND(RLS):255
LOCKBGN(RLS):254
LOCKEND(RLS):254
LOCKBGN(ACQ):254
LOCKEND(ACQ):254
LOCKBGN(ACQ):255
LOCKEND(ACQ):255
LOCKBGN(RLS):254
LOCKEND(RLS):254
LOCKBGN(RLS):255
LOCKEND(RLS):255
LOCKBGN(ACQ):254
LOCKEND(ACQ):254
LOCKBGN(RLS):254
LOCKEND(RLS):254
LOCKBGN(ACQ):255
LOCKEND(ACQ):255
LOCKBGN(RLS):255
LOCKEND(RLS):255
LOCKBGN(ACQ):254
LOCKEND(ACQ):254
LOCKBGN(RLS):254
LOCKEND(RLS):254
LOCKBGN(ACQ):255
LOCKEND(ACQ):255
LOCKBGN(RLS):255
LOCKEND(RLS):255
LOCKBGN(ACQ):254
LOCKEND(ACQ):254
LOCKBGN(RLS):254
LOCKEND(RLS):254
LOCKBGN(ACQ):255
LOCKEND(ACQ):255
LOCKBGN(RLS):255
LOCKEND(RLS):255
LOCKBGN(ACQ):254
LOCKEND(ACQ):254
LOCKBGN(RLS):254
LOCKEND(RLS):254
LOCKBGN(ACQ):255
LOCKEND(ACQ):255
LOCKBGN(RLS):255
LOCKEND(RLS):255
LOCKBGN(ACQ):254
LOCKEND(ACQ):254
LOCKBGN(RLS):254
LOCKEND(RLS):254
LOCKBGN(ACQ):255
LOCKEND(ACQ):255
LOCKBGN(RLS):255
LOCKEND(RLS):255
LOCKBGN(ACQ):254
LOCKEND(ACQ):254
LOCKBGN(RLS):254
LOCKEND(RLS):254
LOCKBGN(ACQ):255
LOCKEND(ACQ):255
LOCKBGN(RLS):255
LOCKEND(RLS):255
